2023-04-27 12:50:50,943 [INFO] Activator:177 - 


2023-04-27 12:50:50,943 [INFO] Activator:178 - !SESSION log4j initialized
2023-04-27 12:51:15,754 [ERROR] LogOutputStream:74 - [STDERR_REDIRECT] SLF4J: Failed to load class "org.slf4j.impl.StaticLoggerBinder".
2023-04-27 12:51:15,770 [ERROR] LogOutputStream:74 - [STDERR_REDIRECT] SLF4J: Defaulting to no-operation (NOP) logger implementation
2023-04-27 12:51:15,770 [ERROR] LogOutputStream:74 - [STDERR_REDIRECT] SLF4J: See http://www.slf4j.org/codes.html#StaticLoggerBinder for further details.
2023-04-27 14:14:27,039 [ERROR] LogOutputStream:74 - [STDERR_REDIRECT] Apr 27, 2023 2:14:27 PM java.util.prefs.WindowsPreferences WindowsRegOpenKey1
2023-04-27 14:14:27,039 [ERROR] LogOutputStream:74 - [STDERR_REDIRECT] WARNING: Trying to recreate Windows registry node Software\JavaSoft\Prefs\com\st\library\analyticscore at root 0xffffffff80000001.
2023-04-27 14:14:27,039 [ERROR] LogOutputStream:74 - [STDERR_REDIRECT] 
2023-04-29 14:31:33,718 [INFO] Activator:177 - 


2023-04-29 14:31:33,719 [INFO] Activator:178 - !SESSION log4j initialized
2023-04-29 14:32:06,303 [ERROR] LogOutputStream:74 - [STDERR_REDIRECT] SLF4J: Failed to load class "org.slf4j.impl.StaticLoggerBinder".
2023-04-29 14:32:06,303 [ERROR] LogOutputStream:74 - [STDERR_REDIRECT] SLF4J: Defaulting to no-operation (NOP) logger implementation
2023-04-29 14:32:06,304 [ERROR] LogOutputStream:74 - [STDERR_REDIRECT] SLF4J: See http://www.slf4j.org/codes.html#StaticLoggerBinder for further details.
2023-05-01 17:20:53,968 [INFO] Activator:177 - 


2023-05-01 17:20:53,969 [INFO] Activator:178 - !SESSION log4j initialized
2023-05-01 17:21:29,164 [ERROR] LogOutputStream:74 - [STDERR_REDIRECT] SLF4J: Failed to load class "org.slf4j.impl.StaticLoggerBinder".
2023-05-01 17:21:29,164 [ERROR] LogOutputStream:74 - [STDERR_REDIRECT] SLF4J: Defaulting to no-operation (NOP) logger implementation
2023-05-01 17:21:29,164 [ERROR] LogOutputStream:74 - [STDERR_REDIRECT] SLF4J: See http://www.slf4j.org/codes.html#StaticLoggerBinder for further details.
2023-05-01 20:44:20,119 [INFO] Activator:177 - 


2023-05-01 20:44:20,119 [INFO] Activator:178 - !SESSION log4j initialized
2023-05-01 20:44:54,443 [ERROR] LogOutputStream:74 - [STDERR_REDIRECT] SLF4J: Failed to load class "org.slf4j.impl.StaticLoggerBinder".
2023-05-01 20:44:54,443 [ERROR] LogOutputStream:74 - [STDERR_REDIRECT] SLF4J: Defaulting to no-operation (NOP) logger implementation
2023-05-01 20:44:54,443 [ERROR] LogOutputStream:74 - [STDERR_REDIRECT] SLF4J: See http://www.slf4j.org/codes.html#StaticLoggerBinder for further details.
2023-05-02 16:20:57,075 [INFO] Activator:177 - 


2023-05-02 16:20:57,077 [INFO] Activator:178 - !SESSION log4j initialized
2023-05-02 16:21:29,485 [ERROR] LogOutputStream:74 - [STDERR_REDIRECT] SLF4J: Failed to load class "org.slf4j.impl.StaticLoggerBinder".
2023-05-02 16:21:29,486 [ERROR] LogOutputStream:74 - [STDERR_REDIRECT] SLF4J: Defaulting to no-operation (NOP) logger implementation
2023-05-02 16:21:29,487 [ERROR] LogOutputStream:74 - [STDERR_REDIRECT] SLF4J: See http://www.slf4j.org/codes.html#StaticLoggerBinder for further details.
2023-05-05 17:22:52,628 [INFO] Activator:177 - 


2023-05-05 17:22:52,632 [INFO] Activator:178 - !SESSION log4j initialized
2023-05-05 17:23:24,270 [ERROR] LogOutputStream:74 - [STDERR_REDIRECT] SLF4J: Failed to load class "org.slf4j.impl.StaticLoggerBinder".
2023-05-05 17:23:24,270 [ERROR] LogOutputStream:74 - [STDERR_REDIRECT] SLF4J: Defaulting to no-operation (NOP) logger implementation
2023-05-05 17:23:24,274 [ERROR] LogOutputStream:74 - [STDERR_REDIRECT] SLF4J: See http://www.slf4j.org/codes.html#StaticLoggerBinder for further details.
2023-05-05 17:57:34,103 [ERROR] LogOutputStream:74 - [STDERR_REDIRECT] Warning: NLS missing message: ExternalToolsPreferencePage_External_tool_project_builders_migration_2 in: org.eclipse.ui.externaltools.internal.ui.ExternalToolsUIMessages
2023-05-05 17:57:34,108 [ERROR] LogOutputStream:74 - [STDERR_REDIRECT] Warning: NLS missing message: ExternalToolsPreferencePage_Prompt_before_migrating_3 in: org.eclipse.ui.externaltools.internal.ui.ExternalToolsUIMessages
2023-05-05 17:57:34,112 [ERROR] LogOutputStream:74 - [STDERR_REDIRECT] Warning: NLS missing message: ExternalToolsPreferencePage_1 in: org.eclipse.ui.externaltools.internal.ui.ExternalToolsUIMessages
2023-05-06 09:25:07,202 [INFO] Activator:177 - 


2023-05-06 09:25:07,204 [INFO] Activator:178 - !SESSION log4j initialized
2023-05-06 09:25:36,475 [ERROR] LogOutputStream:74 - [STDERR_REDIRECT] SLF4J: Failed to load class "org.slf4j.impl.StaticLoggerBinder".
2023-05-06 09:25:36,479 [ERROR] LogOutputStream:74 - [STDERR_REDIRECT] SLF4J: Defaulting to no-operation (NOP) logger implementation
2023-05-06 09:25:36,479 [ERROR] LogOutputStream:74 - [STDERR_REDIRECT] SLF4J: See http://www.slf4j.org/codes.html#StaticLoggerBinder for further details.
2023-05-09 16:08:41,977 [INFO] Activator:177 - 


2023-05-09 16:08:41,979 [INFO] Activator:178 - !SESSION log4j initialized
2023-05-09 16:09:14,449 [ERROR] LogOutputStream:74 - [STDERR_REDIRECT] SLF4J: Failed to load class "org.slf4j.impl.StaticLoggerBinder".
2023-05-09 16:09:14,450 [ERROR] LogOutputStream:74 - [STDERR_REDIRECT] SLF4J: Defaulting to no-operation (NOP) logger implementation
2023-05-09 16:09:14,451 [ERROR] LogOutputStream:74 - [STDERR_REDIRECT] SLF4J: See http://www.slf4j.org/codes.html#StaticLoggerBinder for further details.
2023-05-09 22:25:13,936 [ERROR] LogOutputStream:74 - [STDERR_REDIRECT] [Fatal Error] :1:1: Premature end of file.
2023-05-09 22:25:13,937 [ERROR] LogOutputStream:74 - [STDERR_REDIRECT] 
2023-05-09 22:25:14,960 [ERROR] LogOutputStream:74 - [STDERR_REDIRECT] [Fatal Error] :1:1: Premature end of file.
2023-05-09 22:25:14,961 [ERROR] LogOutputStream:74 - [STDERR_REDIRECT] 
2023-05-09 22:25:15,942 [ERROR] LogOutputStream:74 - [STDERR_REDIRECT] [Fatal Error] :1:1: Premature end of file.
2023-05-09 22:25:15,942 [ERROR] LogOutputStream:74 - [STDERR_REDIRECT] 
2023-05-09 22:25:16,952 [ERROR] LogOutputStream:74 - [STDERR_REDIRECT] [Fatal Error] :1:1: Premature end of file.
2023-05-09 22:25:16,952 [ERROR] LogOutputStream:74 - [STDERR_REDIRECT] 
2023-05-09 22:25:17,934 [ERROR] LogOutputStream:74 - [STDERR_REDIRECT] [Fatal Error] :1:1: Premature end of file.
2023-05-09 22:25:17,934 [ERROR] LogOutputStream:74 - [STDERR_REDIRECT] 
2023-05-09 22:25:18,934 [ERROR] LogOutputStream:74 - [STDERR_REDIRECT] [Fatal Error] :1:1: Premature end of file.
2023-05-09 22:25:18,934 [ERROR] LogOutputStream:74 - [STDERR_REDIRECT] 
2023-05-09 22:25:19,950 [ERROR] LogOutputStream:74 - [STDERR_REDIRECT] [Fatal Error] :1:1: Premature end of file.
2023-05-09 22:25:19,950 [ERROR] LogOutputStream:74 - [STDERR_REDIRECT] 
2023-05-10 10:33:55,281 [INFO] Activator:177 - 


2023-05-10 10:33:55,283 [INFO] Activator:178 - !SESSION log4j initialized
2023-05-10 10:34:28,250 [ERROR] LogOutputStream:74 - [STDERR_REDIRECT] SLF4J: Failed to load class "org.slf4j.impl.StaticLoggerBinder".
2023-05-10 10:34:28,252 [ERROR] LogOutputStream:74 - [STDERR_REDIRECT] SLF4J: Defaulting to no-operation (NOP) logger implementation
2023-05-10 10:34:28,252 [ERROR] LogOutputStream:74 - [STDERR_REDIRECT] SLF4J: See http://www.slf4j.org/codes.html#StaticLoggerBinder for further details.
2023-05-11 11:34:39,389 [INFO] Activator:177 - 


2023-05-11 11:34:39,391 [INFO] Activator:178 - !SESSION log4j initialized
2023-05-11 11:35:12,998 [ERROR] LogOutputStream:74 - [STDERR_REDIRECT] SLF4J: Failed to load class "org.slf4j.impl.StaticLoggerBinder".
2023-05-11 11:35:12,998 [ERROR] LogOutputStream:74 - [STDERR_REDIRECT] SLF4J: Defaulting to no-operation (NOP) logger implementation
2023-05-11 11:35:12,998 [ERROR] LogOutputStream:74 - [STDERR_REDIRECT] SLF4J: See http://www.slf4j.org/codes.html#StaticLoggerBinder for further details.
2023-05-13 10:55:13,824 [INFO] Activator:177 - 


2023-05-13 10:55:13,825 [INFO] Activator:178 - !SESSION log4j initialized
2023-05-13 10:55:45,304 [ERROR] LogOutputStream:74 - [STDERR_REDIRECT] SLF4J: Failed to load class "org.slf4j.impl.StaticLoggerBinder".
2023-05-13 10:55:45,305 [ERROR] LogOutputStream:74 - [STDERR_REDIRECT] SLF4J: Defaulting to no-operation (NOP) logger implementation
2023-05-13 10:55:45,306 [ERROR] LogOutputStream:74 - [STDERR_REDIRECT] SLF4J: See http://www.slf4j.org/codes.html#StaticLoggerBinder for further details.
2023-05-13 11:05:45,196 [INFO] Activator:177 - 


2023-05-13 11:05:45,197 [INFO] Activator:178 - !SESSION log4j initialized
2023-05-13 11:06:16,642 [ERROR] LogOutputStream:74 - [STDERR_REDIRECT] SLF4J: Failed to load class "org.slf4j.impl.StaticLoggerBinder".
2023-05-13 11:06:16,643 [ERROR] LogOutputStream:74 - [STDERR_REDIRECT] SLF4J: Defaulting to no-operation (NOP) logger implementation
2023-05-13 11:06:16,645 [ERROR] LogOutputStream:74 - [STDERR_REDIRECT] SLF4J: See http://www.slf4j.org/codes.html#StaticLoggerBinder for further details.
2023-05-13 11:09:51,363 [INFO] Activator:177 - 


2023-05-13 11:09:51,364 [INFO] Activator:178 - !SESSION log4j initialized
2023-05-13 11:10:17,431 [ERROR] LogOutputStream:74 - [STDERR_REDIRECT] SLF4J: Failed to load class "org.slf4j.impl.StaticLoggerBinder".
2023-05-13 11:10:17,433 [ERROR] LogOutputStream:74 - [STDERR_REDIRECT] SLF4J: Defaulting to no-operation (NOP) logger implementation
2023-05-13 11:10:17,435 [ERROR] LogOutputStream:74 - [STDERR_REDIRECT] SLF4J: See http://www.slf4j.org/codes.html#StaticLoggerBinder for further details.
2023-05-15 22:34:23,823 [INFO] Activator:177 - 


2023-05-15 22:34:23,825 [INFO] Activator:178 - !SESSION log4j initialized
2023-05-15 22:34:53,892 [ERROR] LogOutputStream:74 - [STDERR_REDIRECT] SLF4J: Failed to load class "org.slf4j.impl.StaticLoggerBinder".
2023-05-15 22:34:53,893 [ERROR] LogOutputStream:74 - [STDERR_REDIRECT] SLF4J: Defaulting to no-operation (NOP) logger implementation
2023-05-15 22:34:53,894 [ERROR] LogOutputStream:74 - [STDERR_REDIRECT] SLF4J: See http://www.slf4j.org/codes.html#StaticLoggerBinder for further details.
2023-05-17 12:07:23,060 [INFO] Activator:177 - 


2023-05-17 12:07:23,064 [INFO] Activator:178 - !SESSION log4j initialized
2023-05-17 12:07:55,050 [ERROR] LogOutputStream:74 - [STDERR_REDIRECT] SLF4J: Failed to load class "org.slf4j.impl.StaticLoggerBinder".
2023-05-17 12:07:55,066 [ERROR] LogOutputStream:74 - [STDERR_REDIRECT] SLF4J: Defaulting to no-operation (NOP) logger implementation
2023-05-17 12:07:55,066 [ERROR] LogOutputStream:74 - [STDERR_REDIRECT] SLF4J: See http://www.slf4j.org/codes.html#StaticLoggerBinder for further details.
2023-05-18 15:24:30,449 [INFO] Activator:177 - 


2023-05-18 15:24:30,451 [INFO] Activator:178 - !SESSION log4j initialized
2023-05-18 15:25:04,193 [ERROR] LogOutputStream:74 - [STDERR_REDIRECT] SLF4J: Failed to load class "org.slf4j.impl.StaticLoggerBinder".
2023-05-18 15:25:04,196 [ERROR] LogOutputStream:74 - [STDERR_REDIRECT] SLF4J: Defaulting to no-operation (NOP) logger implementation
2023-05-18 15:25:04,199 [ERROR] LogOutputStream:74 - [STDERR_REDIRECT] SLF4J: See http://www.slf4j.org/codes.html#StaticLoggerBinder for further details.
2023-05-18 17:28:16,745 [INFO] Activator:177 - 


2023-05-18 17:28:16,745 [INFO] Activator:178 - !SESSION log4j initialized
2023-05-18 17:28:52,592 [ERROR] LogOutputStream:74 - [STDERR_REDIRECT] SLF4J: Failed to load class "org.slf4j.impl.StaticLoggerBinder".
2023-05-18 17:28:52,592 [ERROR] LogOutputStream:74 - [STDERR_REDIRECT] SLF4J: Defaulting to no-operation (NOP) logger implementation
2023-05-18 17:28:52,597 [ERROR] LogOutputStream:74 - [STDERR_REDIRECT] SLF4J: See http://www.slf4j.org/codes.html#StaticLoggerBinder for further details.
2023-05-18 17:30:31,170 [INFO] Activator:177 - 


2023-05-18 17:30:31,174 [INFO] Activator:178 - !SESSION log4j initialized
2023-05-18 17:31:05,153 [ERROR] LogOutputStream:74 - [STDERR_REDIRECT] SLF4J: Failed to load class "org.slf4j.impl.StaticLoggerBinder".
2023-05-18 17:31:05,153 [ERROR] LogOutputStream:74 - [STDERR_REDIRECT] SLF4J: Defaulting to no-operation (NOP) logger implementation
2023-05-18 17:31:05,156 [ERROR] LogOutputStream:74 - [STDERR_REDIRECT] SLF4J: See http://www.slf4j.org/codes.html#StaticLoggerBinder for further details.
2023-05-21 00:35:42,406 [ERROR] LogOutputStream:74 - [STDERR_REDIRECT] [Fatal Error] :1:1: Premature end of file.
2023-05-21 00:35:42,407 [ERROR] LogOutputStream:74 - [STDERR_REDIRECT] 
2023-05-21 00:35:43,393 [ERROR] LogOutputStream:74 - [STDERR_REDIRECT] [Fatal Error] :1:1: Premature end of file.
2023-05-21 00:35:43,393 [ERROR] LogOutputStream:74 - [STDERR_REDIRECT] 
2023-05-21 00:35:44,382 [ERROR] LogOutputStream:74 - [STDERR_REDIRECT] [Fatal Error] :1:1: Premature end of file.
2023-05-21 00:35:44,382 [ERROR] LogOutputStream:74 - [STDERR_REDIRECT] 
2023-05-21 00:35:45,385 [ERROR] LogOutputStream:74 - [STDERR_REDIRECT] [Fatal Error] :1:1: Premature end of file.
2023-05-21 00:35:45,385 [ERROR] LogOutputStream:74 - [STDERR_REDIRECT] 
2023-05-21 00:35:46,381 [ERROR] LogOutputStream:74 - [STDERR_REDIRECT] [Fatal Error] :1:1: Premature end of file.
2023-05-21 00:35:46,381 [ERROR] LogOutputStream:74 - [STDERR_REDIRECT] 
2023-05-21 00:35:47,380 [ERROR] LogOutputStream:74 - [STDERR_REDIRECT] [Fatal Error] :1:1: Premature end of file.
2023-05-21 00:35:47,380 [ERROR] LogOutputStream:74 - [STDERR_REDIRECT] 
2023-05-21 00:35:48,379 [ERROR] LogOutputStream:74 - [STDERR_REDIRECT] [Fatal Error] :1:1: Premature end of file.
2023-05-21 00:35:48,380 [ERROR] LogOutputStream:74 - [STDERR_REDIRECT] 
2023-05-21 00:35:49,379 [ERROR] LogOutputStream:74 - [STDERR_REDIRECT] [Fatal Error] :1:1: Premature end of file.
2023-05-21 00:35:49,383 [ERROR] LogOutputStream:74 - [STDERR_REDIRECT] 
2023-05-21 00:35:50,384 [ERROR] LogOutputStream:74 - [STDERR_REDIRECT] [Fatal Error] :1:1: Premature end of file.
2023-05-21 00:35:50,384 [ERROR] LogOutputStream:74 - [STDERR_REDIRECT] 
2023-05-21 00:35:51,383 [ERROR] LogOutputStream:74 - [STDERR_REDIRECT] [Fatal Error] :1:1: Premature end of file.
2023-05-21 00:35:51,383 [ERROR] LogOutputStream:74 - [STDERR_REDIRECT] 
2023-05-21 00:35:52,382 [ERROR] LogOutputStream:74 - [STDERR_REDIRECT] [Fatal Error] :1:1: Premature end of file.
2023-05-21 00:35:52,382 [ERROR] LogOutputStream:74 - [STDERR_REDIRECT] 
2023-05-21 00:35:53,381 [ERROR] LogOutputStream:74 - [STDERR_REDIRECT] [Fatal Error] :1:1: Premature end of file.
2023-05-21 00:35:53,381 [ERROR] LogOutputStream:74 - [STDERR_REDIRECT] 
2023-05-21 00:35:54,390 [ERROR] LogOutputStream:74 - [STDERR_REDIRECT] [Fatal Error] :1:1: Premature end of file.
2023-05-21 00:35:54,391 [ERROR] LogOutputStream:74 - [STDERR_REDIRECT] 
2023-05-21 15:36:55,223 [INFO] Activator:177 - 


2023-05-21 15:36:55,225 [INFO] Activator:178 - !SESSION log4j initialized
2023-05-21 15:37:28,142 [ERROR] LogOutputStream:74 - [STDERR_REDIRECT] SLF4J: Failed to load class "org.slf4j.impl.StaticLoggerBinder".
2023-05-21 15:37:28,143 [ERROR] LogOutputStream:74 - [STDERR_REDIRECT] SLF4J: Defaulting to no-operation (NOP) logger implementation
2023-05-21 15:37:28,145 [ERROR] LogOutputStream:74 - [STDERR_REDIRECT] SLF4J: See http://www.slf4j.org/codes.html#StaticLoggerBinder for further details.
2023-05-23 13:27:10,432 [INFO] Activator:177 - 


2023-05-23 13:27:10,432 [INFO] Activator:178 - !SESSION log4j initialized
2023-05-23 13:27:44,139 [ERROR] LogOutputStream:74 - [STDERR_REDIRECT] SLF4J: Failed to load class "org.slf4j.impl.StaticLoggerBinder".
2023-05-23 13:27:44,139 [ERROR] LogOutputStream:74 - [STDERR_REDIRECT] SLF4J: Defaulting to no-operation (NOP) logger implementation
2023-05-23 13:27:44,139 [ERROR] LogOutputStream:74 - [STDERR_REDIRECT] SLF4J: See http://www.slf4j.org/codes.html#StaticLoggerBinder for further details.
2023-05-23 16:22:08,479 [INFO] Activator:177 - 


2023-05-23 16:22:08,481 [INFO] Activator:178 - !SESSION log4j initialized
2023-05-23 16:22:41,206 [ERROR] LogOutputStream:74 - [STDERR_REDIRECT] SLF4J: Failed to load class "org.slf4j.impl.StaticLoggerBinder".
2023-05-23 16:22:41,207 [ERROR] LogOutputStream:74 - [STDERR_REDIRECT] SLF4J: Defaulting to no-operation (NOP) logger implementation
2023-05-23 16:22:41,209 [ERROR] LogOutputStream:74 - [STDERR_REDIRECT] SLF4J: See http://www.slf4j.org/codes.html#StaticLoggerBinder for further details.
2023-05-24 15:58:02,925 [INFO] Activator:177 - 


2023-05-24 15:58:02,932 [INFO] Activator:178 - !SESSION log4j initialized
2023-05-24 15:58:35,676 [ERROR] LogOutputStream:74 - [STDERR_REDIRECT] SLF4J: Failed to load class "org.slf4j.impl.StaticLoggerBinder".
2023-05-24 15:58:35,676 [ERROR] LogOutputStream:74 - [STDERR_REDIRECT] SLF4J: Defaulting to no-operation (NOP) logger implementation
2023-05-24 15:58:35,676 [ERROR] LogOutputStream:74 - [STDERR_REDIRECT] SLF4J: See http://www.slf4j.org/codes.html#StaticLoggerBinder for further details.
2023-05-27 13:50:22,377 [INFO] Activator:177 - 


2023-05-27 13:50:22,377 [INFO] Activator:178 - !SESSION log4j initialized
2023-05-27 13:51:01,190 [ERROR] LogOutputStream:74 - [STDERR_REDIRECT] SLF4J: Failed to load class "org.slf4j.impl.StaticLoggerBinder".
2023-05-27 13:51:01,190 [ERROR] LogOutputStream:74 - [STDERR_REDIRECT] SLF4J: Defaulting to no-operation (NOP) logger implementation
2023-05-27 13:51:01,190 [ERROR] LogOutputStream:74 - [STDERR_REDIRECT] SLF4J: See http://www.slf4j.org/codes.html#StaticLoggerBinder for further details.
2023-06-01 10:08:56,348 [INFO] Activator:177 - 


2023-06-01 10:08:56,363 [INFO] Activator:178 - !SESSION log4j initialized
2023-06-01 10:09:31,858 [ERROR] LogOutputStream:74 - [STDERR_REDIRECT] SLF4J: Failed to load class "org.slf4j.impl.StaticLoggerBinder".
2023-06-01 10:09:31,858 [ERROR] LogOutputStream:74 - [STDERR_REDIRECT] SLF4J: Defaulting to no-operation (NOP) logger implementation
2023-06-01 10:09:31,858 [ERROR] LogOutputStream:74 - [STDERR_REDIRECT] SLF4J: See http://www.slf4j.org/codes.html#StaticLoggerBinder for further details.
2023-06-05 12:27:12,159 [INFO] Activator:177 - 


2023-06-05 12:27:12,159 [INFO] Activator:178 - !SESSION log4j initialized
2023-06-05 12:27:48,245 [ERROR] LogOutputStream:74 - [STDERR_REDIRECT] SLF4J: Failed to load class "org.slf4j.impl.StaticLoggerBinder".
2023-06-05 12:27:48,245 [ERROR] LogOutputStream:74 - [STDERR_REDIRECT] SLF4J: Defaulting to no-operation (NOP) logger implementation
2023-06-05 12:27:48,245 [ERROR] LogOutputStream:74 - [STDERR_REDIRECT] SLF4J: See http://www.slf4j.org/codes.html#StaticLoggerBinder for further details.
2023-06-05 15:45:03,032 [INFO] Activator:177 - 


2023-06-05 15:45:03,032 [INFO] Activator:178 - !SESSION log4j initialized
2023-06-05 15:45:39,776 [ERROR] LogOutputStream:74 - [STDERR_REDIRECT] SLF4J: Failed to load class "org.slf4j.impl.StaticLoggerBinder".
2023-06-05 15:45:39,776 [ERROR] LogOutputStream:74 - [STDERR_REDIRECT] SLF4J: Defaulting to no-operation (NOP) logger implementation
2023-06-05 15:45:39,776 [ERROR] LogOutputStream:74 - [STDERR_REDIRECT] SLF4J: See http://www.slf4j.org/codes.html#StaticLoggerBinder for further details.
2023-06-12 17:27:17,017 [INFO] Activator:177 - 


2023-06-12 17:27:17,019 [INFO] Activator:178 - !SESSION log4j initialized
2023-06-12 17:27:50,165 [ERROR] LogOutputStream:74 - [STDERR_REDIRECT] SLF4J: Failed to load class "org.slf4j.impl.StaticLoggerBinder".
2023-06-12 17:27:50,166 [ERROR] LogOutputStream:74 - [STDERR_REDIRECT] SLF4J: Defaulting to no-operation (NOP) logger implementation
2023-06-12 17:27:50,167 [ERROR] LogOutputStream:74 - [STDERR_REDIRECT] SLF4J: See http://www.slf4j.org/codes.html#StaticLoggerBinder for further details.
2023-06-13 11:37:43,378 [INFO] Activator:177 - 


2023-06-13 11:37:43,378 [INFO] Activator:178 - !SESSION log4j initialized
2023-06-13 11:38:17,633 [ERROR] LogOutputStream:74 - [STDERR_REDIRECT] SLF4J: Failed to load class "org.slf4j.impl.StaticLoggerBinder".
2023-06-13 11:38:17,649 [ERROR] LogOutputStream:74 - [STDERR_REDIRECT] SLF4J: Defaulting to no-operation (NOP) logger implementation
2023-06-13 11:38:17,649 [ERROR] LogOutputStream:74 - [STDERR_REDIRECT] SLF4J: See http://www.slf4j.org/codes.html#StaticLoggerBinder for further details.
2023-06-15 12:59:35,984 [INFO] Activator:177 - 


2023-06-15 12:59:35,984 [INFO] Activator:178 - !SESSION log4j initialized
2023-06-15 13:00:13,819 [ERROR] LogOutputStream:74 - [STDERR_REDIRECT] SLF4J: Failed to load class "org.slf4j.impl.StaticLoggerBinder".
2023-06-15 13:00:13,819 [ERROR] LogOutputStream:74 - [STDERR_REDIRECT] SLF4J: Defaulting to no-operation (NOP) logger implementation
2023-06-15 13:00:13,819 [ERROR] LogOutputStream:74 - [STDERR_REDIRECT] SLF4J: See http://www.slf4j.org/codes.html#StaticLoggerBinder for further details.
2023-06-17 14:48:58,152 [INFO] Activator:177 - 


2023-06-17 14:48:58,152 [INFO] Activator:178 - !SESSION log4j initialized
2023-06-17 14:49:32,474 [ERROR] LogOutputStream:74 - [STDERR_REDIRECT] SLF4J: Failed to load class "org.slf4j.impl.StaticLoggerBinder".
2023-06-17 14:49:32,474 [ERROR] LogOutputStream:74 - [STDERR_REDIRECT] SLF4J: Defaulting to no-operation (NOP) logger implementation
2023-06-17 14:49:32,490 [ERROR] LogOutputStream:74 - [STDERR_REDIRECT] SLF4J: See http://www.slf4j.org/codes.html#StaticLoggerBinder for further details.
2023-06-19 11:38:07,174 [INFO] Activator:177 - 


2023-06-19 11:38:07,174 [INFO] Activator:178 - !SESSION log4j initialized
2023-06-19 11:38:40,722 [ERROR] LogOutputStream:74 - [STDERR_REDIRECT] SLF4J: Failed to load class "org.slf4j.impl.StaticLoggerBinder".
2023-06-19 11:38:40,722 [ERROR] LogOutputStream:74 - [STDERR_REDIRECT] SLF4J: Defaulting to no-operation (NOP) logger implementation
2023-06-19 11:38:40,738 [ERROR] LogOutputStream:74 - [STDERR_REDIRECT] SLF4J: See http://www.slf4j.org/codes.html#StaticLoggerBinder for further details.
2023-06-23 12:15:27,212 [INFO] Activator:177 - 


2023-06-23 12:15:27,212 [INFO] Activator:178 - !SESSION log4j initialized
2023-06-23 12:16:00,434 [ERROR] LogOutputStream:74 - [STDERR_REDIRECT] SLF4J: Failed to load class "org.slf4j.impl.StaticLoggerBinder".
2023-06-23 12:16:00,434 [ERROR] LogOutputStream:74 - [STDERR_REDIRECT] SLF4J: Defaulting to no-operation (NOP) logger implementation
2023-06-23 12:16:00,434 [ERROR] LogOutputStream:74 - [STDERR_REDIRECT] SLF4J: See http://www.slf4j.org/codes.html#StaticLoggerBinder for further details.
2023-06-27 16:08:51,133 [INFO] Activator:177 - 


2023-06-27 16:08:51,135 [INFO] Activator:178 - !SESSION log4j initialized
2023-06-27 16:09:25,563 [ERROR] LogOutputStream:74 - [STDERR_REDIRECT] SLF4J: Failed to load class "org.slf4j.impl.StaticLoggerBinder".
2023-06-27 16:09:25,564 [ERROR] LogOutputStream:74 - [STDERR_REDIRECT] SLF4J: Defaulting to no-operation (NOP) logger implementation
2023-06-27 16:09:25,565 [ERROR] LogOutputStream:74 - [STDERR_REDIRECT] SLF4J: See http://www.slf4j.org/codes.html#StaticLoggerBinder for further details.
2023-06-29 12:30:55,447 [INFO] Activator:177 - 


2023-06-29 12:30:55,447 [INFO] Activator:178 - !SESSION log4j initialized
2023-06-29 12:31:27,505 [ERROR] LogOutputStream:74 - [STDERR_REDIRECT] SLF4J: Failed to load class "org.slf4j.impl.StaticLoggerBinder".
2023-06-29 12:31:27,505 [ERROR] LogOutputStream:74 - [STDERR_REDIRECT] SLF4J: Defaulting to no-operation (NOP) logger implementation
2023-06-29 12:31:27,505 [ERROR] LogOutputStream:74 - [STDERR_REDIRECT] SLF4J: See http://www.slf4j.org/codes.html#StaticLoggerBinder for further details.
2023-06-29 17:26:15,472 [INFO] Activator:177 - 


2023-06-29 17:26:15,472 [INFO] Activator:178 - !SESSION log4j initialized
2023-06-29 17:26:43,367 [ERROR] LogOutputStream:74 - [STDERR_REDIRECT] SLF4J: Failed to load class "org.slf4j.impl.StaticLoggerBinder".
2023-06-29 17:26:43,367 [ERROR] LogOutputStream:74 - [STDERR_REDIRECT] SLF4J: Defaulting to no-operation (NOP) logger implementation
2023-06-29 17:26:43,367 [ERROR] LogOutputStream:74 - [STDERR_REDIRECT] SLF4J: See http://www.slf4j.org/codes.html#StaticLoggerBinder for further details.
2023-06-30 11:08:54,653 [INFO] Activator:177 - 


2023-06-30 11:08:54,653 [INFO] Activator:178 - !SESSION log4j initialized
2023-06-30 11:09:27,384 [ERROR] LogOutputStream:74 - [STDERR_REDIRECT] SLF4J: Failed to load class "org.slf4j.impl.StaticLoggerBinder".
2023-06-30 11:09:27,384 [ERROR] LogOutputStream:74 - [STDERR_REDIRECT] SLF4J: Defaulting to no-operation (NOP) logger implementation
2023-06-30 11:09:27,399 [ERROR] LogOutputStream:74 - [STDERR_REDIRECT] SLF4J: See http://www.slf4j.org/codes.html#StaticLoggerBinder for further details.
2023-07-04 16:37:20,320 [INFO] Activator:177 - 


2023-07-04 16:37:20,320 [INFO] Activator:178 - !SESSION log4j initialized
2023-07-04 16:37:51,487 [ERROR] LogOutputStream:74 - [STDERR_REDIRECT] SLF4J: Failed to load class "org.slf4j.impl.StaticLoggerBinder".
2023-07-04 16:37:51,495 [ERROR] LogOutputStream:74 - [STDERR_REDIRECT] SLF4J: Defaulting to no-operation (NOP) logger implementation
2023-07-04 16:37:51,495 [ERROR] LogOutputStream:74 - [STDERR_REDIRECT] SLF4J: See http://www.slf4j.org/codes.html#StaticLoggerBinder for further details.
2023-07-04 19:11:45,133 [INFO] Activator:177 - 


2023-07-04 19:11:45,134 [INFO] Activator:178 - !SESSION log4j initialized
2023-07-04 19:12:12,848 [ERROR] LogOutputStream:74 - [STDERR_REDIRECT] SLF4J: Failed to load class "org.slf4j.impl.StaticLoggerBinder".
2023-07-04 19:12:12,849 [ERROR] LogOutputStream:74 - [STDERR_REDIRECT] SLF4J: Defaulting to no-operation (NOP) logger implementation
2023-07-04 19:12:12,851 [ERROR] LogOutputStream:74 - [STDERR_REDIRECT] SLF4J: See http://www.slf4j.org/codes.html#StaticLoggerBinder for further details.
2023-07-07 11:06:00,622 [INFO] Activator:177 - 


2023-07-07 11:06:00,623 [INFO] Activator:178 - !SESSION log4j initialized
2023-07-07 11:06:34,183 [ERROR] LogOutputStream:74 - [STDERR_REDIRECT] SLF4J: Failed to load class "org.slf4j.impl.StaticLoggerBinder".
2023-07-07 11:06:34,183 [ERROR] LogOutputStream:74 - [STDERR_REDIRECT] SLF4J: Defaulting to no-operation (NOP) logger implementation
2023-07-07 11:06:34,183 [ERROR] LogOutputStream:74 - [STDERR_REDIRECT] SLF4J: See http://www.slf4j.org/codes.html#StaticLoggerBinder for further details.
2023-07-07 12:08:12,243 [INFO] Activator:177 - 


2023-07-07 12:08:12,243 [INFO] Activator:178 - !SESSION log4j initialized
2023-07-07 12:08:42,196 [ERROR] LogOutputStream:74 - [STDERR_REDIRECT] SLF4J: Failed to load class "org.slf4j.impl.StaticLoggerBinder".
2023-07-07 12:08:42,196 [ERROR] LogOutputStream:74 - [STDERR_REDIRECT] SLF4J: Defaulting to no-operation (NOP) logger implementation
2023-07-07 12:08:42,196 [ERROR] LogOutputStream:74 - [STDERR_REDIRECT] SLF4J: See http://www.slf4j.org/codes.html#StaticLoggerBinder for further details.
2023-07-10 11:55:24,741 [INFO] Activator:177 - 


2023-07-10 11:55:24,741 [INFO] Activator:178 - !SESSION log4j initialized
2023-07-10 11:55:56,269 [ERROR] LogOutputStream:74 - [STDERR_REDIRECT] SLF4J: Failed to load class "org.slf4j.impl.StaticLoggerBinder".
2023-07-10 11:55:56,269 [ERROR] LogOutputStream:74 - [STDERR_REDIRECT] SLF4J: Defaulting to no-operation (NOP) logger implementation
2023-07-10 11:55:56,269 [ERROR] LogOutputStream:74 - [STDERR_REDIRECT] SLF4J: See http://www.slf4j.org/codes.html#StaticLoggerBinder for further details.
2023-07-11 18:03:11,881 [INFO] Activator:177 - 


2023-07-11 18:03:11,885 [INFO] Activator:178 - !SESSION log4j initialized
2023-07-11 18:03:45,822 [ERROR] LogOutputStream:74 - [STDERR_REDIRECT] SLF4J: Failed to load class "org.slf4j.impl.StaticLoggerBinder".
2023-07-11 18:03:45,822 [ERROR] LogOutputStream:74 - [STDERR_REDIRECT] SLF4J: Defaulting to no-operation (NOP) logger implementation
2023-07-11 18:03:45,826 [ERROR] LogOutputStream:74 - [STDERR_REDIRECT] SLF4J: See http://www.slf4j.org/codes.html#StaticLoggerBinder for further details.
