Removed Pin From Net: NetName=RXD2 Pin=IC2-63
Removed Pin From Net: NetName=TXD2 Pin=IC2-64
Removed Pin From Net: NetName=IN Pin=IC2-65
Removed Pin From Net: NetName=INPUT Pin=IC2-66
Added Component: Designator=C50(CAP_0603)
Add component (AddParameter): Name = "LatestRevisionDate"; Value = "17-Jul-2002"; VariantName = "[No Variations]"
Add component (AddParameter): Name = "LatestRevisionNote"; Value = "Re-released for DXP Platform."; VariantName = "[No Variations]"
Add component (AddParameter): Name = "PackageReference"; Value = "RAD-0.3"; VariantName = "[No Variations]"
Add component (AddParameter): Name = "Published"; Value = "8-Jun-2000"; VariantName = "[No Variations]"
Add component (AddParameter): Name = "Publisher"; Value = "Altium Limited"; VariantName = "[No Variations]"
Add component (AddParameter): Name = "Value"; Value = "33p"; VariantName = "[No Variations]"
Added Pin To Net: NetName=NetC50_1 Pin=C50-1
Added Pin To Net: NetName=GND Pin=C50-2
Added Pin To Net: NetName=IN Pin=IC2-45
Added Pin To Net: NetName=INPUT Pin=IC2-46
Added Pin To Net: NetName=RXD2 Pin=IC2-47
Added Pin To Net: NetName=TXD2 Pin=IC2-48
Added Pin To Net: NetName=UART2_RXD Pin=IC2-26
Added Pin To Net: NetName=UART2_RXD Pin=U7-2
Added Net: Name=UART2_RXD
Added Pin To Net: NetName=UART2_TXD Pin=IC2-25
Added Pin To Net: NetName=UART2_TXD Pin=U7-3
Added Net: Name=UART2_TXD
Added Member To Class: ClassName=U_STM32 Member=Component C50 2.2uF
