Removed Pin From Net: NetName=XO Pin=R33-1
Removed Member From Class: ClassName=U_ETHERNET Member=R34
Change Component Designator: OldDesignator=R34 NewDesignator=R33
Change Component Designator: OldDesignator=R35 NewDesignator=R34
Change Component Designator: OldDesignator=R36 NewDesignator=R35
Change Component Designator: OldDesignator=R37 NewDesignator=R36
Change Component Designator: OldDesignator=R38 NewDesignator=R37
Change Component Designator: OldDesignator=R39 NewDesignator=R38
Change Component Designator: OldDesignator=R40 NewDesignator=R39
Change Component Designator: OldDesignator=R41 NewDesignator=R40
Change Component Designator: OldDesignator=R42 NewDesignator=R41
Added Pin To Net: NetName=XO Pin=C29-2
Added Pin To Net: NetName=XO Pin=Y1-1
Added Member To Class: ClassName=U_ETHERNET Member=Component C22 22uF
Added Member To Class: ClassName=U_ETHERNET Member=Component C24 10nF
Added Member To Class: ClassName=U_ETHERNET Member=Component C26 6.8nF
Added Member To Class: ClassName=U_ETHERNET Member=Component C28 4.7uF
Added Member To Class: ClassName=U_ETHERNET Member=Component C30 18pF
Added Member To Class: ClassName=U_STM32 Member=Component C32 100nF
Added Member To Class: ClassName=U_STM32 Member=Component C34 100nF
Added Member To Class: ClassName=U_STM32 Member=Component C36 100nF
Added Member To Class: ClassName=U_STM32 Member=Component C38 100nF
Added Member To Class: ClassName=U_STM32 Member=Component C40 100nF
Added Member To Class: ClassName=U_STM32 Member=Component C42 10uF
Added Member To Class: ClassName=U_STM32 Member=Component C44 10uF
Added Member To Class: ClassName=U_STM32 Member=Component C46 100nF
Added Member To Class: ClassName=U_STM32 Member=Component C48 22pF
Added Member To Class: ClassName=U_STM32 Member=Component C50 2.2uF
