Removed Pin From Net: NetName=BUT Pin=B1-2
Removed Pin From Net: NetName=NRST Pin=B2-2
Removed Pin From Net: NetName=EN Pin=B3-2
Removed Pin From Net: NetName=IO0 Pin=B4-2
Removed Pin From Net: NetName=GND Pin=C3-1
Removed Pin From Net: NetName=+3.3V Pin=C3-2
Removed Pin From Net: NetName=GND Pin=C4-1
Removed Pin From Net: NetName=+3.3V Pin=C4-2
Removed Pin From Net: NetName=GND Pin=C5-1
Removed Pin From Net: NetName=+3.3V Pin=C5-2
Removed Pin From Net: NetName=GND Pin=C6-1
Removed Pin From Net: NetName=+3.3V Pin=C6-2
Removed Pin From Net: NetName=GND Pin=C7-1
Removed Pin From Net: NetName=+3.3V Pin=C7-2
Removed Pin From Net: NetName=GND Pin=C8-1
Removed Pin From Net: NetName=+3.3V Pin=C8-2
Removed Pin From Net: NetName=GND Pin=C9-1
Removed Pin From Net: NetName=+3.3V Pin=C9-2
Removed Pin From Net: NetName=+5V Pin=C10-1
Removed Pin From Net: NetName=+5V Pin=C11-1
Removed Pin From Net: NetName=GND Pin=C14-1
Removed Pin From Net: NetName=GND Pin=C15-1
Removed Pin From Net: NetName=+3.3V Pin=C16-1
Removed Pin From Net: NetName=GND Pin=C16-2
Removed Pin From Net: NetName=+5V Pin=C22-1
Removed Pin From Net: NetName=GND Pin=C22-2
Removed Pin From Net: NetName=+5V Pin=C23-1
Removed Pin From Net: NetName=GND Pin=C23-2
Removed Pin From Net: NetName=+3.3V Pin=C24-1
Removed Pin From Net: NetName=GND Pin=C24-2
Removed Pin From Net: NetName=+3.3V Pin=C25-1
Removed Pin From Net: NetName=GND Pin=C25-2
Removed Pin From Net: NetName=+3.3V Pin=C26-1
Removed Pin From Net: NetName=GND Pin=C26-2
Removed Pin From Net: NetName=+3.3V Pin=C27-1
Removed Pin From Net: NetName=GND Pin=C27-2
Removed Pin From Net: NetName=+3.3V Pin=C28-1
Removed Pin From Net: NetName=GND Pin=C28-2
Removed Pin From Net: NetName=GND Pin=D5-2
Removed Pin From Net: NetName=GND Pin=D6-2
Removed Pin From Net: NetName=LED2 Pin=R5-2
Removed Pin From Net: NetName=LED1 Pin=R6-2
Removed Pin From Net: NetName=NetD7_1 Pin=R7-1
Removed Pin From Net: NetName=LED3 Pin=R7-2
Removed Pin From Net: NetName=BOOT0 Pin=R8-1
Removed Pin From Net: NetName=GND Pin=R8-2
Removed Pin From Net: NetName=+3.3V Pin=R9-1
Removed Pin From Net: NetName=BUT Pin=R9-2
Removed Pin From Net: NetName=NRST Pin=R10-2
Removed Pin From Net: NetName=DTR Pin=R13-1
Removed Pin From Net: NetName=NetQ1_1 Pin=R13-2
Removed Pin From Net: NetName=ETH_RST Pin=R14-1
Removed Pin From Net: NetName=NetQ2_1 Pin=R14-2
Removed Pin From Net: NetName=NetD10_1 Pin=R15-1
Removed Pin From Net: NetName=+3.3V Pin=R16-1
Removed Pin From Net: NetName=EN Pin=R16-2
Removed Pin From Net: NetName=+3.3V Pin=R17-1
Removed Pin From Net: NetName=IO0 Pin=R17-2
Removed Pin From Net: NetName=NRST Pin=U2-7
Removed Pin From Net: NetName=GND Pin=U2-12
Removed Pin From Net: NetName=+3.3V Pin=U2-13
Removed Pin From Net: NetName=BUT Pin=U2-14
Removed Pin From Net: NetName=LED2 Pin=U2-15
Removed Pin From Net: NetName=LED1 Pin=U2-16
Removed Pin From Net: NetName=LED3 Pin=U2-17
Removed Pin From Net: NetName=GND Pin=U2-18
Removed Pin From Net: NetName=+3.3V Pin=U2-19
Removed Pin From Net: NetName=SPI1_CS Pin=U2-20
Removed Pin From Net: NetName=SPI1_CLK Pin=U2-21
Removed Pin From Net: NetName=SPI1_MISO Pin=U2-22
Removed Pin From Net: NetName=SPI1_MOSI Pin=U2-23
Removed Pin From Net: NetName=IRQ Pin=U2-26
Removed Pin From Net: NetName=RXD2 Pin=U2-29
Removed Pin From Net: NetName=GND Pin=U2-31
Removed Pin From Net: NetName=+3.3V Pin=U2-32
Removed Pin From Net: NetName=RST Pin=U2-33
Removed Pin From Net: NetName=WAKEUP Pin=U2-34
Removed Pin From Net: NetName=EXTON Pin=U2-35
Removed Pin From Net: NetName=UART1_TXD Pin=U2-42
Removed Pin From Net: NetName=UART1_RXD Pin=U2-43
Removed Pin From Net: NetName=SWDIO Pin=U2-46
Removed Pin From Net: NetName=GND Pin=U2-47
Removed Pin From Net: NetName=+3.3V Pin=U2-48
Removed Pin From Net: NetName=SWCLK Pin=U2-49
Removed Pin From Net: NetName=BOOT0 Pin=U2-60
Removed Pin From Net: NetName=GND Pin=U2-63
Removed Pin From Net: NetName=+3.3V Pin=U2-64
Removed Pin From Net: NetName=UART1_RXD Pin=U4-2
Removed Pin From Net: NetName=UART1_TXD Pin=U4-3
Removed Pin From Net: NetName=CH340_TXD Pin=U7-2
Removed Pin From Net: NetName=CH340_RXD Pin=U7-3
Removed Pin From Net: NetName=DTR Pin=U7-13
Removed Pin From Net: NetName=ETH_RST Pin=U7-14
Removed Pin From Net: NetName=GND Pin=U8-1
Removed Pin From Net: NetName=+3.3V Pin=U8-2
Removed Pin From Net: NetName=EN Pin=U8-3
Removed Pin From Net: NetName=ETH_INT Pin=U8-11
Removed Pin From Net: NetName=ETH_RST Pin=U8-12
Removed Pin From Net: NetName=ETH_SCLK Pin=U8-13
Removed Pin From Net: NetName=ETH_MISO Pin=U8-14
Removed Pin From Net: NetName=ETH_MOSI Pin=U8-16
Removed Pin From Net: NetName=ETH_CS Pin=U8-23
Removed Pin From Net: NetName=IO0 Pin=U8-25
Removed Pin From Net: NetName=RXD2 Pin=U8-27
Removed Member From Class: ClassName=U_STM32 Member=B4
Removed Member From Class: ClassName=U_STM32 Member=C3
Removed Member From Class: ClassName=U_STM32 Member=C4
Removed Member From Class: ClassName=U_STM32 Member=C5
Removed Member From Class: ClassName=U_STM32 Member=C6
Removed Member From Class: ClassName=U_STM32 Member=C7
Removed Member From Class: ClassName=U_STM32 Member=C15
Removed Member From Class: ClassName=U_STM32 Member=C16
Removed Member From Class: ClassName=U_STM32 Member=D5
Removed Member From Class: ClassName=U_STM32 Member=D6
Removed Member From Class: ClassName=U_STM32 Member=P1
Removed Member From Class: ClassName=U_STM32 Member=R5
Removed Member From Class: ClassName=U_STM32 Member=R6
Removed Member From Class: ClassName=U_POWER Member=R13
Removed Member From Class: ClassName=U_STM32 Member=U2
Removed Member From Class: ClassName=U_STM32 Member=X1
Change Component Footprint: Designator=B2 Old Footprint=Button 3x4x2.5 New Footprint=BUTTON NGHIENG
Change Component Footprint: Designator=B1 Old Footprint=BUTTON NGHIENG New Footprint=Button 3x4x2.5
Change Component Footprint: Designator=D10 Old Footprint=LED-0603-Green New Footprint=LED-0603-Red
Change Component Footprint: Designator=D7 Old Footprint=LED-0603-Red New Footprint=LED-0603-Green
Change Component Comment : Designator=R7 Old Comment=1k New Comment=10k
Change Component Comment : Designator=C9 Old Comment=1uF New Comment=100nF
Change Component Comment : Designator=R9 Old Comment=10k New Comment=330R
Change Component Comment : Designator=C12 Old Comment=10uF New Comment=100nF
Change Component Comment : Designator=C14 Old Comment=22pF New Comment=10uF
Change Component Comment : Designator=C8 Old Comment=100nF New Comment=10uF
Change Component Comment : Designator=D10 Old Comment=BLUE New Comment=YELLOW
Change Component Comment : Designator=D7 Old Comment=YELLOW New Comment=BLUE
Change Component Designator: OldDesignator=C17 NewDesignator=C3
Change Component Designator: OldDesignator=C18 NewDesignator=C4
Change Component Designator: OldDesignator=C19 NewDesignator=C5
Change Component Designator: OldDesignator=C20 NewDesignator=C6
Change Component Designator: OldDesignator=C21 NewDesignator=C7
Change Component Designator: OldDesignator=C29 NewDesignator=C15
Change Component Designator: OldDesignator=C30 NewDesignator=C16
Change Component Designator: OldDesignator=C31 NewDesignator=C17
Change Component Designator: OldDesignator=C32 NewDesignator=C18
Change Component Designator: OldDesignator=C33 NewDesignator=C19
Change Component Designator: OldDesignator=C34 NewDesignator=C20
Change Component Designator: OldDesignator=C35 NewDesignator=C21
Change Component Designator: OldDesignator=C36 NewDesignator=C22
Change Component Designator: OldDesignator=C37 NewDesignator=C23
Change Component Designator: OldDesignator=C38 NewDesignator=C24
Change Component Designator: OldDesignator=C39 NewDesignator=C25
Change Component Designator: OldDesignator=C40 NewDesignator=C26
Change Component Designator: OldDesignator=C41 NewDesignator=C27
Change Component Designator: OldDesignator=C42 NewDesignator=C28
Change Component Designator: OldDesignator=C43 NewDesignator=C29
Change Component Designator: OldDesignator=C44 NewDesignator=C30
Change Component Designator: OldDesignator=C45 NewDesignator=C31
Change Component Designator: OldDesignator=D8 NewDesignator=D5
Change Component Designator: OldDesignator=D9 NewDesignator=D6
Change Component Designator: OldDesignator=R11 NewDesignator=R5
Change Component Designator: OldDesignator=R12 NewDesignator=R6
Change Component Designator: OldDesignator=R18 NewDesignator=R12
Change Component Designator: OldDesignator=R19 NewDesignator=R13
Change Component Designator: OldDesignator=R20 NewDesignator=R14
Change Component Designator: OldDesignator=R21 NewDesignator=R15
Change Component Designator: OldDesignator=R22 NewDesignator=R16
Change Component Designator: OldDesignator=R23 NewDesignator=R17
Change Component Designator: OldDesignator=R24 NewDesignator=R18
Change Component Designator: OldDesignator=R25 NewDesignator=R19
Change Component Designator: OldDesignator=R26 NewDesignator=R20
Change Component Designator: OldDesignator=R27 NewDesignator=R21
Change Component Designator: OldDesignator=R28 NewDesignator=R22
Change Component Designator: OldDesignator=R29 NewDesignator=R23
Change Component Designator: OldDesignator=R30 NewDesignator=R24
Change Component Designator: OldDesignator=R31 NewDesignator=R25
Change Component Designator: OldDesignator=R32 NewDesignator=R26
Change Component Designator: OldDesignator=R33 NewDesignator=R27
Change Component Designator: OldDesignator=R34 NewDesignator=R28
Change Component Designator: OldDesignator=R35 NewDesignator=R29
Change Component Designator: OldDesignator=R36 NewDesignator=R30
Change Component Designator: OldDesignator=R37 NewDesignator=R31
Change Component Designator: OldDesignator=R38 NewDesignator=R32
Change Component Designator: OldDesignator=R39 NewDesignator=R33
Change Component Designator: OldDesignator=R40 NewDesignator=R34
Change Component Designator: OldDesignator=U5 NewDesignator=U2
Added Component: Designator=C32(CAP_0805)
Add component (AddParameter): Name = "LatestRevisionDate"; Value = "17-Jul-2002"; VariantName = "[No Variations]"
Add component (AddParameter): Name = "LatestRevisionNote"; Value = "Re-released for DXP Platform."; VariantName = "[No Variations]"
Add component (AddParameter): Name = "PackageReference"; Value = "RAD-0.3"; VariantName = "[No Variations]"
Add component (AddParameter): Name = "Published"; Value = "8-Jun-2000"; VariantName = "[No Variations]"
Add component (AddParameter): Name = "Publisher"; Value = "Altium Limited"; VariantName = "[No Variations]"
Add component (AddParameter): Name = "Value"; Value = "33p"; VariantName = "[No Variations]"
Added Component: Designator=C33(CAP_0805)
Add component (AddParameter): Name = "LatestRevisionDate"; Value = "17-Jul-2002"; VariantName = "[No Variations]"
Add component (AddParameter): Name = "LatestRevisionNote"; Value = "Re-released for DXP Platform."; VariantName = "[No Variations]"
Add component (AddParameter): Name = "PackageReference"; Value = "RAD-0.3"; VariantName = "[No Variations]"
Add component (AddParameter): Name = "Published"; Value = "8-Jun-2000"; VariantName = "[No Variations]"
Add component (AddParameter): Name = "Publisher"; Value = "Altium Limited"; VariantName = "[No Variations]"
Add component (AddParameter): Name = "Value"; Value = "33p"; VariantName = "[No Variations]"
Added Component: Designator=C34(CAP_0805)
Add component (AddParameter): Name = "LatestRevisionDate"; Value = "17-Jul-2002"; VariantName = "[No Variations]"
Add component (AddParameter): Name = "LatestRevisionNote"; Value = "Re-released for DXP Platform."; VariantName = "[No Variations]"
Add component (AddParameter): Name = "PackageReference"; Value = "RAD-0.3"; VariantName = "[No Variations]"
Add component (AddParameter): Name = "Published"; Value = "8-Jun-2000"; VariantName = "[No Variations]"
Add component (AddParameter): Name = "Publisher"; Value = "Altium Limited"; VariantName = "[No Variations]"
Add component (AddParameter): Name = "Value"; Value = "33p"; VariantName = "[No Variations]"
Added Component: Designator=C35(CAP_0805)
Add component (AddParameter): Name = "LatestRevisionDate"; Value = "17-Jul-2002"; VariantName = "[No Variations]"
Add component (AddParameter): Name = "LatestRevisionNote"; Value = "Re-released for DXP Platform."; VariantName = "[No Variations]"
Add component (AddParameter): Name = "PackageReference"; Value = "RAD-0.3"; VariantName = "[No Variations]"
Add component (AddParameter): Name = "Published"; Value = "8-Jun-2000"; VariantName = "[No Variations]"
Add component (AddParameter): Name = "Publisher"; Value = "Altium Limited"; VariantName = "[No Variations]"
Add component (AddParameter): Name = "Value"; Value = "33p"; VariantName = "[No Variations]"
Added Component: Designator=C36(CAP_0805)
Add component (AddParameter): Name = "LatestRevisionDate"; Value = "17-Jul-2002"; VariantName = "[No Variations]"
Add component (AddParameter): Name = "LatestRevisionNote"; Value = "Re-released for DXP Platform."; VariantName = "[No Variations]"
Add component (AddParameter): Name = "PackageReference"; Value = "RAD-0.3"; VariantName = "[No Variations]"
Add component (AddParameter): Name = "Published"; Value = "8-Jun-2000"; VariantName = "[No Variations]"
Add component (AddParameter): Name = "Publisher"; Value = "Altium Limited"; VariantName = "[No Variations]"
Add component (AddParameter): Name = "Value"; Value = "33p"; VariantName = "[No Variations]"
Added Component: Designator=C37(CAP_0805)
Add component (AddParameter): Name = "LatestRevisionDate"; Value = "17-Jul-2002"; VariantName = "[No Variations]"
Add component (AddParameter): Name = "LatestRevisionNote"; Value = "Re-released for DXP Platform."; VariantName = "[No Variations]"
Add component (AddParameter): Name = "PackageReference"; Value = "RAD-0.3"; VariantName = "[No Variations]"
Add component (AddParameter): Name = "Published"; Value = "8-Jun-2000"; VariantName = "[No Variations]"
Add component (AddParameter): Name = "Publisher"; Value = "Altium Limited"; VariantName = "[No Variations]"
Add component (AddParameter): Name = "Value"; Value = "33p"; VariantName = "[No Variations]"
Added Component: Designator=C38(CAP_0805)
Add component (AddParameter): Name = "LatestRevisionDate"; Value = "17-Jul-2002"; VariantName = "[No Variations]"
Add component (AddParameter): Name = "LatestRevisionNote"; Value = "Re-released for DXP Platform."; VariantName = "[No Variations]"
Add component (AddParameter): Name = "PackageReference"; Value = "RAD-0.3"; VariantName = "[No Variations]"
Add component (AddParameter): Name = "Published"; Value = "8-Jun-2000"; VariantName = "[No Variations]"
Add component (AddParameter): Name = "Publisher"; Value = "Altium Limited"; VariantName = "[No Variations]"
Add component (AddParameter): Name = "Value"; Value = "33p"; VariantName = "[No Variations]"
Added Component: Designator=C39(CAP_0805)
Add component (AddParameter): Name = "LatestRevisionDate"; Value = "17-Jul-2002"; VariantName = "[No Variations]"
Add component (AddParameter): Name = "LatestRevisionNote"; Value = "Re-released for DXP Platform."; VariantName = "[No Variations]"
Add component (AddParameter): Name = "PackageReference"; Value = "RAD-0.3"; VariantName = "[No Variations]"
Add component (AddParameter): Name = "Published"; Value = "8-Jun-2000"; VariantName = "[No Variations]"
Add component (AddParameter): Name = "Publisher"; Value = "Altium Limited"; VariantName = "[No Variations]"
Add component (AddParameter): Name = "Value"; Value = "33p"; VariantName = "[No Variations]"
Added Component: Designator=C40(CAP_0805)
Add component (AddParameter): Name = "LatestRevisionDate"; Value = "17-Jul-2002"; VariantName = "[No Variations]"
Add component (AddParameter): Name = "LatestRevisionNote"; Value = "Re-released for DXP Platform."; VariantName = "[No Variations]"
Add component (AddParameter): Name = "PackageReference"; Value = "RAD-0.3"; VariantName = "[No Variations]"
Add component (AddParameter): Name = "Published"; Value = "8-Jun-2000"; VariantName = "[No Variations]"
Add component (AddParameter): Name = "Publisher"; Value = "Altium Limited"; VariantName = "[No Variations]"
Add component (AddParameter): Name = "Value"; Value = "33p"; VariantName = "[No Variations]"
Added Component: Designator=C41(CAP_0805)
Add component (AddParameter): Name = "LatestRevisionDate"; Value = "17-Jul-2002"; VariantName = "[No Variations]"
Add component (AddParameter): Name = "LatestRevisionNote"; Value = "Re-released for DXP Platform."; VariantName = "[No Variations]"
Add component (AddParameter): Name = "PackageReference"; Value = "RAD-0.3"; VariantName = "[No Variations]"
Add component (AddParameter): Name = "Published"; Value = "8-Jun-2000"; VariantName = "[No Variations]"
Add component (AddParameter): Name = "Publisher"; Value = "Altium Limited"; VariantName = "[No Variations]"
Add component (AddParameter): Name = "Value"; Value = "33p"; VariantName = "[No Variations]"
Added Component: Designator=C42(CAP_0805)
Add component (AddParameter): Name = "LatestRevisionDate"; Value = "17-Jul-2002"; VariantName = "[No Variations]"
Add component (AddParameter): Name = "LatestRevisionNote"; Value = "Re-released for DXP Platform."; VariantName = "[No Variations]"
Add component (AddParameter): Name = "PackageReference"; Value = "RAD-0.3"; VariantName = "[No Variations]"
Add component (AddParameter): Name = "Published"; Value = "8-Jun-2000"; VariantName = "[No Variations]"
Add component (AddParameter): Name = "Publisher"; Value = "Altium Limited"; VariantName = "[No Variations]"
Add component (AddParameter): Name = "Value"; Value = "33p"; VariantName = "[No Variations]"
Added Component: Designator=C43(CAP_0805)
Add component (AddParameter): Name = "LatestRevisionDate"; Value = "17-Jul-2002"; VariantName = "[No Variations]"
Add component (AddParameter): Name = "LatestRevisionNote"; Value = "Re-released for DXP Platform."; VariantName = "[No Variations]"
Add component (AddParameter): Name = "PackageReference"; Value = "RAD-0.3"; VariantName = "[No Variations]"
Add component (AddParameter): Name = "Published"; Value = "8-Jun-2000"; VariantName = "[No Variations]"
Add component (AddParameter): Name = "Publisher"; Value = "Altium Limited"; VariantName = "[No Variations]"
Add component (AddParameter): Name = "Value"; Value = "33p"; VariantName = "[No Variations]"
Added Component: Designator=C44(CAP_0805)
Add component (AddParameter): Name = "LatestRevisionDate"; Value = "17-Jul-2002"; VariantName = "[No Variations]"
Add component (AddParameter): Name = "LatestRevisionNote"; Value = "Re-released for DXP Platform."; VariantName = "[No Variations]"
Add component (AddParameter): Name = "PackageReference"; Value = "RAD-0.3"; VariantName = "[No Variations]"
Add component (AddParameter): Name = "Published"; Value = "8-Jun-2000"; VariantName = "[No Variations]"
Add component (AddParameter): Name = "Publisher"; Value = "Altium Limited"; VariantName = "[No Variations]"
Add component (AddParameter): Name = "Value"; Value = "33p"; VariantName = "[No Variations]"
Added Component: Designator=C45(CAP_0805)
Add component (AddParameter): Name = "LatestRevisionDate"; Value = "17-Jul-2002"; VariantName = "[No Variations]"
Add component (AddParameter): Name = "LatestRevisionNote"; Value = "Re-released for DXP Platform."; VariantName = "[No Variations]"
Add component (AddParameter): Name = "PackageReference"; Value = "RAD-0.3"; VariantName = "[No Variations]"
Add component (AddParameter): Name = "Published"; Value = "8-Jun-2000"; VariantName = "[No Variations]"
Add component (AddParameter): Name = "Publisher"; Value = "Altium Limited"; VariantName = "[No Variations]"
Add component (AddParameter): Name = "Value"; Value = "33p"; VariantName = "[No Variations]"
Added Component: Designator=C46(CAP_0805)
Add component (AddParameter): Name = "LatestRevisionDate"; Value = "17-Jul-2002"; VariantName = "[No Variations]"
Add component (AddParameter): Name = "LatestRevisionNote"; Value = "Re-released for DXP Platform."; VariantName = "[No Variations]"
Add component (AddParameter): Name = "PackageReference"; Value = "RAD-0.3"; VariantName = "[No Variations]"
Add component (AddParameter): Name = "Published"; Value = "8-Jun-2000"; VariantName = "[No Variations]"
Add component (AddParameter): Name = "Publisher"; Value = "Altium Limited"; VariantName = "[No Variations]"
Add component (AddParameter): Name = "Value"; Value = "33p"; VariantName = "[No Variations]"
Added Component: Designator=C47(CAP_0805)
Add component (AddParameter): Name = "LatestRevisionDate"; Value = "17-Jul-2002"; VariantName = "[No Variations]"
Add component (AddParameter): Name = "LatestRevisionNote"; Value = "Re-released for DXP Platform."; VariantName = "[No Variations]"
Add component (AddParameter): Name = "PackageReference"; Value = "RAD-0.3"; VariantName = "[No Variations]"
Add component (AddParameter): Name = "Published"; Value = "8-Jun-2000"; VariantName = "[No Variations]"
Add component (AddParameter): Name = "Publisher"; Value = "Altium Limited"; VariantName = "[No Variations]"
Add component (AddParameter): Name = "Value"; Value = "33p"; VariantName = "[No Variations]"
Added Component: Designator=C48(CAP_0805)
Add component (AddParameter): Name = "LatestRevisionDate"; Value = "17-Jul-2002"; VariantName = "[No Variations]"
Add component (AddParameter): Name = "LatestRevisionNote"; Value = "Re-released for DXP Platform."; VariantName = "[No Variations]"
Add component (AddParameter): Name = "PackageReference"; Value = "RAD-0.3"; VariantName = "[No Variations]"
Add component (AddParameter): Name = "Published"; Value = "8-Jun-2000"; VariantName = "[No Variations]"
Add component (AddParameter): Name = "Publisher"; Value = "Altium Limited"; VariantName = "[No Variations]"
Add component (AddParameter): Name = "Value"; Value = "33p"; VariantName = "[No Variations]"
Added Component: Designator=C49(CAP_0805)
Add component (AddParameter): Name = "LatestRevisionDate"; Value = "17-Jul-2002"; VariantName = "[No Variations]"
Add component (AddParameter): Name = "LatestRevisionNote"; Value = "Re-released for DXP Platform."; VariantName = "[No Variations]"
Add component (AddParameter): Name = "PackageReference"; Value = "RAD-0.3"; VariantName = "[No Variations]"
Add component (AddParameter): Name = "Published"; Value = "8-Jun-2000"; VariantName = "[No Variations]"
Add component (AddParameter): Name = "Publisher"; Value = "Altium Limited"; VariantName = "[No Variations]"
Add component (AddParameter): Name = "Value"; Value = "33p"; VariantName = "[No Variations]"
Added Component: Designator=C50(CAP_0805)
Add component (AddParameter): Name = "LatestRevisionDate"; Value = "17-Jul-2002"; VariantName = "[No Variations]"
Add component (AddParameter): Name = "LatestRevisionNote"; Value = "Re-released for DXP Platform."; VariantName = "[No Variations]"
Add component (AddParameter): Name = "PackageReference"; Value = "RAD-0.3"; VariantName = "[No Variations]"
Add component (AddParameter): Name = "Published"; Value = "8-Jun-2000"; VariantName = "[No Variations]"
Add component (AddParameter): Name = "Publisher"; Value = "Altium Limited"; VariantName = "[No Variations]"
Add component (AddParameter): Name = "Value"; Value = "33p"; VariantName = "[No Variations]"
Added Component: Designator=C51(CAP_0805)
Add component (AddParameter): Name = "LatestRevisionDate"; Value = "17-Jul-2002"; VariantName = "[No Variations]"
Add component (AddParameter): Name = "LatestRevisionNote"; Value = "Re-released for DXP Platform."; VariantName = "[No Variations]"
Add component (AddParameter): Name = "PackageReference"; Value = "RAD-0.3"; VariantName = "[No Variations]"
Add component (AddParameter): Name = "Published"; Value = "8-Jun-2000"; VariantName = "[No Variations]"
Add component (AddParameter): Name = "Publisher"; Value = "Altium Limited"; VariantName = "[No Variations]"
Add component (AddParameter): Name = "Value"; Value = "33p"; VariantName = "[No Variations]"
Added Component: Designator=D8(LED-0603-Red)
Add component (AddParameter): Name = "Value"; Value = "LED 3 ly Single Colour"; VariantName = "[No Variations]"
Added Component: Designator=D9(LED-0603-Green)
Add component (AddParameter): Name = "Value"; Value = "LED 3 ly Single Colour"; VariantName = "[No Variations]"
Added Component: Designator=IC2(STM32F407VET6)
Added Component: Designator=R11(RES-SMD-0805)
Add component (AddParameter): Name = "Class"; Value = "Passive"; VariantName = "[No Variations]"
Add component (AddParameter): Name = "Manufacturer"; Value = "Generic Components"; VariantName = "[No Variations]"
Add component (AddParameter): Name = "Published"; Value = "08/06/2000"; VariantName = "[No Variations]"
Add component (AddParameter): Name = "Publisher"; Value = "Altium Hobart Technology Centre"; VariantName = "[No Variations]"
Added Component: Designator=R35(RES-SMD-0805)
Add component (AddParameter): Name = "Class"; Value = "Passive"; VariantName = "[No Variations]"
Add component (AddParameter): Name = "Manufacturer"; Value = "Generic Components"; VariantName = "[No Variations]"
Add component (AddParameter): Name = "Published"; Value = "08/06/2000"; VariantName = "[No Variations]"
Add component (AddParameter): Name = "Publisher"; Value = "Altium Hobart Technology Centre"; VariantName = "[No Variations]"
Added Component: Designator=R36(RES-SMD-0805)
Add component (AddParameter): Name = "Class"; Value = "Passive"; VariantName = "[No Variations]"
Add component (AddParameter): Name = "Manufacturer"; Value = "Generic Components"; VariantName = "[No Variations]"
Add component (AddParameter): Name = "Published"; Value = "08/06/2000"; VariantName = "[No Variations]"
Add component (AddParameter): Name = "Publisher"; Value = "Altium Hobart Technology Centre"; VariantName = "[No Variations]"
Added Component: Designator=R37(RES-SMD-0805)
Add component (AddParameter): Name = "Class"; Value = "Passive"; VariantName = "[No Variations]"
Add component (AddParameter): Name = "Manufacturer"; Value = "Generic Components"; VariantName = "[No Variations]"
Add component (AddParameter): Name = "Published"; Value = "08/06/2000"; VariantName = "[No Variations]"
Add component (AddParameter): Name = "Publisher"; Value = "Altium Hobart Technology Centre"; VariantName = "[No Variations]"
Added Component: Designator=R38(RES-SMD-0805)
Add component (AddParameter): Name = "Class"; Value = "Passive"; VariantName = "[No Variations]"
Add component (AddParameter): Name = "Manufacturer"; Value = "Generic Components"; VariantName = "[No Variations]"
Add component (AddParameter): Name = "Published"; Value = "08/06/2000"; VariantName = "[No Variations]"
Add component (AddParameter): Name = "Publisher"; Value = "Altium Hobart Technology Centre"; VariantName = "[No Variations]"
Added Component: Designator=R39(RES-SMD-0805)
Add component (AddParameter): Name = "Class"; Value = "Passive"; VariantName = "[No Variations]"
Add component (AddParameter): Name = "Manufacturer"; Value = "Generic Components"; VariantName = "[No Variations]"
Add component (AddParameter): Name = "Published"; Value = "08/06/2000"; VariantName = "[No Variations]"
Add component (AddParameter): Name = "Publisher"; Value = "Altium Hobart Technology Centre"; VariantName = "[No Variations]"
Added Component: Designator=R40(RES-SMD-0805)
Add component (AddParameter): Name = "Class"; Value = "Passive"; VariantName = "[No Variations]"
Add component (AddParameter): Name = "Manufacturer"; Value = "Generic Components"; VariantName = "[No Variations]"
Add component (AddParameter): Name = "Published"; Value = "08/06/2000"; VariantName = "[No Variations]"
Add component (AddParameter): Name = "Publisher"; Value = "Altium Hobart Technology Centre"; VariantName = "[No Variations]"
Added Component: Designator=R41(RES-SMD-0805)
Add component (AddParameter): Name = "Class"; Value = "Passive"; VariantName = "[No Variations]"
Add component (AddParameter): Name = "Manufacturer"; Value = "Generic Components"; VariantName = "[No Variations]"
Add component (AddParameter): Name = "Published"; Value = "08/06/2000"; VariantName = "[No Variations]"
Add component (AddParameter): Name = "Publisher"; Value = "Altium Hobart Technology Centre"; VariantName = "[No Variations]"
Added Component: Designator=R42(RES-SMD-0805)
Add component (AddParameter): Name = "Class"; Value = "Passive"; VariantName = "[No Variations]"
Add component (AddParameter): Name = "Manufacturer"; Value = "Generic Components"; VariantName = "[No Variations]"
Add component (AddParameter): Name = "Published"; Value = "08/06/2000"; VariantName = "[No Variations]"
Add component (AddParameter): Name = "Publisher"; Value = "Altium Hobart Technology Centre"; VariantName = "[No Variations]"
Added Component: Designator=U5(MODULE_ESP32-WROOM-32)
Add component (AddParameter): Name = "Digi-Key_Part_Number"; Value = "1904-1010-1-ND"; VariantName = "[No Variations]"
Add component (AddParameter): Name = "Digi-Key_Purchase_URL"; Value = "https://www.digikey.com/product-detail/en/espressif-systems/ESP32-WROOM-32/1904-1010-1-ND/8544305?utm_source=snapeda&utm_medium=aggregator&utm_campaign=symbol"; VariantName = "[No Variations]"
Add component (AddParameter): Name = "MF"; Value = "Espressif Systems"; VariantName = "[No Variations]"
Add component (AddParameter): Name = "MP"; Value = "ESP32-WROOM-32"; VariantName = "[No Variations]"
Add component (AddParameter): Name = "Package"; Value = "Module Espressif Systems"; VariantName = "[No Variations]"
Add component (AddParameter): Name = "SnapEDA_Link"; Value = "https://www.snapeda.com/parts/ESP32-WROOM-32/Espressif%20Systems/view-part/2753322/?ref=snap"; VariantName = "[No Variations]"
Add component (AddParameter): Name = "Value"; Value = ""; VariantName = "[No Variations]"
Added Pin To Net: NetName=EN Pin=B1-2
Added Pin To Net: NetName=IO0 Pin=B2-2
Added Pin To Net: NetName=NRST Pin=B3-2
Added Pin To Net: NetName=BUT Pin=B4-2
Added Pin To Net: NetName=+5V Pin=C8-1
Added Pin To Net: NetName=GND Pin=C8-2
Added Pin To Net: NetName=+5V Pin=C9-1
Added Pin To Net: NetName=GND Pin=C9-2
Added Pin To Net: NetName=+3.3V Pin=C10-1
Added Pin To Net: NetName=+3.3V Pin=C11-1
Added Pin To Net: NetName=+3.3V Pin=C14-1
Added Pin To Net: NetName=GND Pin=C14-2
Added Pin To Net: NetName=GND Pin=C32-1
Added Pin To Net: NetName=+3.3V Pin=C32-2
Added Pin To Net: NetName=GND Pin=C33-1
Added Pin To Net: NetName=+3.3V Pin=C33-2
Added Pin To Net: NetName=GND Pin=C34-1
Added Pin To Net: NetName=+3.3V Pin=C34-2
Added Pin To Net: NetName=GND Pin=C35-1
Added Pin To Net: NetName=+3.3V Pin=C35-2
Added Pin To Net: NetName=GND Pin=C36-1
Added Pin To Net: NetName=+3.3V Pin=C36-2
Added Pin To Net: NetName=GND Pin=C37-1
Added Pin To Net: NetName=+3.3V Pin=C37-2
Added Pin To Net: NetName=GND Pin=C38-1
Added Pin To Net: NetName=+3.3V Pin=C38-2
Added Pin To Net: NetName=GND Pin=C39-1
Added Pin To Net: NetName=+3.3V Pin=C39-2
Added Pin To Net: NetName=GND Pin=C40-1
Added Pin To Net: NetName=+3.3V Pin=C40-2
Added Pin To Net: NetName=GND Pin=C41-1
Added Pin To Net: NetName=+3.3V Pin=C41-2
Added Pin To Net: NetName=GND Pin=C42-1
Added Pin To Net: NetName=+3.3V Pin=C42-2
Added Pin To Net: NetName=+5V Pin=C43-1
Added Pin To Net: NetName=GND Pin=C43-2
Added Pin To Net: NetName=+5V Pin=C44-1
Added Pin To Net: NetName=GND Pin=C44-2
Added Pin To Net: NetName=+3.3V Pin=C45-1
Added Pin To Net: NetName=GND Pin=C45-2
Added Pin To Net: NetName=+3.3V Pin=C46-1
Added Pin To Net: NetName=GND Pin=C46-2
Added Pin To Net: NetName=+3.3V Pin=C47-1
Added Pin To Net: NetName=GND Pin=C47-2
Added Pin To Net: NetName=GND Pin=C48-2
Added Pin To Net: NetName=GND Pin=C49-1
Added Pin To Net: NetName=GND Pin=C50-1
Added Pin To Net: NetName=GND Pin=C51-2
Added Pin To Net: NetName=GND Pin=D8-2
Added Pin To Net: NetName=GND Pin=D9-2
Added Pin To Net: NetName=GND Pin=IC2-10
Added Pin To Net: NetName=+3.3V Pin=IC2-11
Added Pin To Net: NetName=NRST Pin=IC2-14
Added Pin To Net: NetName=+3.3V Pin=IC2-19
Added Pin To Net: NetName=GND Pin=IC2-20
Added Pin To Net: NetName=+3.3V Pin=IC2-22
Added Pin To Net: NetName=GND Pin=IC2-27
Added Pin To Net: NetName=+3.3V Pin=IC2-28
Added Pin To Net: NetName=SPI1_CS Pin=IC2-29
Added Pin To Net: NetName=SPI1_CLK Pin=IC2-30
Added Pin To Net: NetName=SPI1_MISO Pin=IC2-31
Added Pin To Net: NetName=SPI1_MOSI Pin=IC2-32
Added Pin To Net: NetName=RST Pin=IC2-33
Added Pin To Net: NetName=WAKEUP Pin=IC2-34
Added Pin To Net: NetName=EXTON Pin=IC2-35
Added Pin To Net: NetName=IRQ Pin=IC2-36
Added Pin To Net: NetName=+3.3V Pin=IC2-50
Added Pin To Net: NetName=RXD2 Pin=IC2-63
Added Pin To Net: NetName=UART1_TXD Pin=IC2-68
Added Pin To Net: NetName=UART1_RXD Pin=IC2-69
Added Pin To Net: NetName=SWDIO Pin=IC2-72
Added Pin To Net: NetName=GND Pin=IC2-74
Added Pin To Net: NetName=+3.3V Pin=IC2-75
Added Pin To Net: NetName=SWCLK Pin=IC2-76
Added Pin To Net: NetName=LED1 Pin=IC2-81
Added Pin To Net: NetName=LED2 Pin=IC2-82
Added Pin To Net: NetName=LED3 Pin=IC2-83
Added Pin To Net: NetName=BUT Pin=IC2-88
Added Pin To Net: NetName=GND Pin=IC2-99
Added Pin To Net: NetName=+3.3V Pin=IC2-100
Added Pin To Net: NetName=DTR Pin=R7-1
Added Pin To Net: NetName=NetQ1_1 Pin=R7-2
Added Pin To Net: NetName=ETH_RST Pin=R8-1
Added Pin To Net: NetName=NetQ2_1 Pin=R8-2
Added Pin To Net: NetName=NetD7_1 Pin=R9-1
Added Pin To Net: NetName=EN Pin=R10-2
Added Pin To Net: NetName=+3.3V Pin=R11-1
Added Pin To Net: NetName=IO0 Pin=R11-2
Added Pin To Net: NetName=LED2 Pin=R35-2
Added Pin To Net: NetName=LED1 Pin=R36-2
Added Pin To Net: NetName=NetD10_1 Pin=R37-1
Added Pin To Net: NetName=LED3 Pin=R37-2
Added Pin To Net: NetName=GND Pin=R38-1
Added Pin To Net: NetName=BOOT0 Pin=R39-1
Added Pin To Net: NetName=GND Pin=R39-2
Added Pin To Net: NetName=+3.3V Pin=R40-1
Added Pin To Net: NetName=NRST Pin=R40-2
Added Pin To Net: NetName=+3.3V Pin=R41-1
Added Pin To Net: NetName=BUT Pin=R41-2
Added Pin To Net: NetName=+3.3V Pin=R42-2
Added Pin To Net: NetName=CH340_TXD Pin=U4-2
Added Pin To Net: NetName=CH340_RXD Pin=U4-3
Added Pin To Net: NetName=DTR Pin=U4-13
Added Pin To Net: NetName=ETH_RST Pin=U4-14
Added Pin To Net: NetName=GND Pin=U5-1
Added Pin To Net: NetName=+3.3V Pin=U5-2
Added Pin To Net: NetName=EN Pin=U5-3
Added Pin To Net: NetName=ETH_INT Pin=U5-11
Added Pin To Net: NetName=ETH_RST Pin=U5-12
Added Pin To Net: NetName=ETH_SCLK Pin=U5-13
Added Pin To Net: NetName=ETH_MISO Pin=U5-14
Added Pin To Net: NetName=ETH_MOSI Pin=U5-16
Added Pin To Net: NetName=ETH_CS Pin=U5-23
Added Pin To Net: NetName=IO0 Pin=U5-25
Added Pin To Net: NetName=RXD2 Pin=U5-27
Added Pin To Net: NetName=UART1_RXD Pin=U7-2
Added Pin To Net: NetName=UART1_TXD Pin=U7-3
Change Net Name : Old Net Name=D_N New Net Name=DN
Change Net Name : Old Net Name=D_P New Net Name=DP
Change Net Name : Old Net Name=DN New Net Name=D_N
Change Net Name : Old Net Name=DP New Net Name=D_P
Change Net Name : Old Net Name=NetC17_1 New Net Name=NetC3_1
Change Net Name : Old Net Name=NetC17_2 New Net Name=NetC3_2
Change Net Name : Old Net Name=NetC18_1 New Net Name=NetC4_1
Change Net Name : Old Net Name=NetC38_1 New Net Name=NetC24_1
Change Net Name : Old Net Name=NetC39_1 New Net Name=NetC25_1
Change Net Name : Old Net Name=NetC40_1 New Net Name=NetC26_1
Change Net Name : Old Net Name=NetC41_1 New Net Name=NetC27_1
Change Net Name : Old Net Name=NetC42_2 New Net Name=NetC28_2
Change Net Name : Old Net Name=NetC43_2 New Net Name=NetC29_2
Change Net Name : Old Net Name=NetC44_2 New Net Name=NetC30_2
Change Net Name : Old Net Name=NetR11_1 New Net Name=NetR5_1
Added Pin To Net: NetName=INPUT Pin=IC2-66
Added Pin To Net: NetName=INPUT Pin=U5-31
Added Net: Name=INPUT
Added Pin To Net: NetName=NetC48_1 Pin=C48-1
Added Pin To Net: NetName=NetC48_1 Pin=IC2-73
Added Net: Name=NetC48_1
Added Pin To Net: NetName=NetC49_2 Pin=C49-2
Added Pin To Net: NetName=NetC49_2 Pin=IC2-12
Added Pin To Net: NetName=NetC49_2 Pin=X1-1
Added Net: Name=NetC49_2
Added Pin To Net: NetName=NetC50_2 Pin=C50-2
Added Pin To Net: NetName=NetC50_2 Pin=IC2-13
Added Pin To Net: NetName=NetC50_2 Pin=X1-2
Added Net: Name=NetC50_2
Added Pin To Net: NetName=NetC51_1 Pin=C51-1
Added Pin To Net: NetName=NetC51_1 Pin=IC2-49
Added Net: Name=NetC51_1
Added Pin To Net: NetName=NetD8_1 Pin=D8-1
Added Pin To Net: NetName=NetD8_1 Pin=R35-1
Added Net: Name=NetD8_1
Added Pin To Net: NetName=NetD9_1 Pin=D9-1
Added Pin To Net: NetName=NetD9_1 Pin=R36-1
Added Net: Name=NetD9_1
Added Pin To Net: NetName=NetIC2_21 Pin=IC2-21
Added Pin To Net: NetName=NetIC2_21 Pin=R42-1
Added Net: Name=NetIC2_21
Added Pin To Net: NetName=NetIC2_94 Pin=IC2-94
Added Pin To Net: NetName=NetIC2_94 Pin=R38-2
Added Net: Name=NetIC2_94
Added Pin To Net: NetName=NetR9_2 Pin=R9-2
Added Pin To Net: NetName=NetR9_2 Pin=U5-36
Added Net: Name=NetR9_2
Added Pin To Net: NetName=TXD2 Pin=IC2-64
Added Pin To Net: NetName=TXD2 Pin=U5-28
Added Net: Name=TXD2
Change Class Name : Old Net Name=U_STM32 New Net Name=U_ESP32
Added Class: Name=U_STM32
Added Member To Class: ClassName=U_ESP32 Member=Component B1 Button 3x4x2.5
Added Member To Class: ClassName=U_ESP32 Member=Component Q1 C1815
Added Member To Class: ClassName=U_ESP32 Member=Component Q2 C1815
Added Member To Class: ClassName=U_POWER Member=Component R6 3.3k
Added Member To Class: ClassName=U_ESP32 Member=Component R9 330R
Added Member To Class: ClassName=U_ESP32 Member=Component R10 10k
Added Member To Class: ClassName=U_ETHERNET Member=Component R12 49.9R
Added Member To Class: ClassName=U_ETHERNET Member=Component R14 33R
Added Member To Class: ClassName=U_ETHERNET Member=Component R16 33R
Added Member To Class: ClassName=U_ETHERNET Member=Component R18 10k
Added Member To Class: ClassName=U_ETHERNET Member=Component R20 10k
Added Member To Class: ClassName=U_ETHERNET Member=Component R22 10R
Added Member To Class: ClassName=U_ETHERNET Member=Component R24 12.4k
Added Member To Class: ClassName=U_ETHERNET Member=Component R26 330R
Added Member To Class: ClassName=U_ETHERNET Member=Component R28 10k
Added Member To Class: ClassName=U_ETHERNET Member=Component R30 10k
Added Member To Class: ClassName=U_ETHERNET Member=Component R33 0R
Added Member To Class: ClassName=U_ESP32 Member=Component U5 ESP32-WROOM-32
