Removed Pin From Net: NetName=GND Pin=D8-2
Removed Pin From Net: NetName=GND Pin=D9-2
Removed Pin From Net: NetName=GND Pin=D10-2
Removed Pin From Net: NetName=+3.3V Pin=P1-1
Removed Pin From Net: NetName=GND Pin=P1-2
Removed Pin From Net: NetName=SWDIO Pin=P1-3
Removed Pin From Net: NetName=SWCLK Pin=P1-4
Removed Pin From Net: NetName=LED2 Pin=R34-2
Removed Pin From Net: NetName=LED1 Pin=R35-2
Removed Pin From Net: NetName=LED3 Pin=R36-2
Added Pin To Net: NetName=LED2 Pin=D8-2
Added Pin To Net: NetName=LED1 Pin=D9-2
Added Pin To Net: NetName=LED3 Pin=D10-2
Added Pin To Net: NetName=SWCLK Pin=P1-1
Added Pin To Net: NetName=SWDIO Pin=P1-2
Added Pin To Net: NetName=GND Pin=P1-3
Added Pin To Net: NetName=+3.3V Pin=P1-4
Added Pin To Net: NetName=+3.3V Pin=R34-2
Added Pin To Net: NetName=+3.3V Pin=R35-2
Added Pin To Net: NetName=+3.3V Pin=R36-2
