Removed Pin From Net: NetName=SPI1_CS Pin=IC2-29
Removed Pin From Net: NetName=SPI1_CLK Pin=IC2-30
Removed Pin From Net: NetName=SPI1_MISO Pin=IC2-31
Removed Pin From Net: NetName=SPI1_MOSI Pin=IC2-32
Removed Pin From Net: NetName=RST Pin=IC2-33
Removed Pin From Net: NetName=WAKEUP Pin=IC2-34
Removed Pin From Net: NetName=EXTON Pin=IC2-35
Removed Pin From Net: NetName=IRQ Pin=IC2-36
Added Pin To Net: NetName=SPI1_CS Pin=IC2-51
Added Pin To Net: NetName=SPI1_CLK Pin=IC2-52
Added Pin To Net: NetName=SPI1_MISO Pin=IC2-53
Added Pin To Net: NetName=SPI1_MOSI Pin=IC2-54
Added Pin To Net: NetName=IRQ Pin=IC2-55
Added Pin To Net: NetName=EXTON Pin=IC2-56
Added Pin To Net: NetName=WAKEUP Pin=IC2-57
Added Pin To Net: NetName=RST Pin=IC2-58
Added Pin To Net: NetName=UART3_RXD Pin=IC2-48
Added Pin To Net: NetName=UART3_RXD Pin=U7-2
Added Net: Name=UART3_RXD
Added Pin To Net: NetName=UART3_TXD Pin=IC2-47
Added Pin To Net: NetName=UART3_TXD Pin=U7-3
Added Net: Name=UART3_TXD
