Removed Member From Class: ClassName=U_STM32 Member=C18
Removed Member From Class: ClassName=U_STM32 Member=C19
Removed Member From Class: ClassName=U_STM32 Member=C20
Removed Member From Class: ClassName=U_STM32 Member=C21
Removed Member From Class: ClassName=U_STM32 Member=C29
Removed Member From Class: ClassName=U_STM32 Member=C30
Removed Member From Class: ClassName=U_STM32 Member=C31
Removed Member From Class: ClassName=U_STM32 Member=R27
Removed Member From Class: ClassName=U_STM32 Member=R28
Removed Member From Class: ClassName=U_STM32 Member=R29
Removed Member From Class: ClassName=U_STM32 Member=R30
Removed Member From Class: ClassName=U_STM32 Member=R31
Removed Member From Class: ClassName=U_STM32 Member=R32
Added Pin To Net: NetName=IN Pin=IC2-65
Added Pin To Net: NetName=IN Pin=U5-30
Added Net: Name=IN
Added Member To Class: ClassName=U_POWER Member=Component C3 10nF
Added Member To Class: ClassName=U_POWER Member=Component C4 100uF/50V
Added Member To Class: ClassName=U_POWER Member=Component C5 220uF/16V
Added Member To Class: ClassName=U_POWER Member=Component C6 4.7uF
Added Member To Class: ClassName=U_POWER Member=Component C7 100nF
Added Member To Class: ClassName=U_ETHERNET Member=Component C15 100nF
Added Member To Class: ClassName=U_ETHERNET Member=Component C16 100nF
Added Member To Class: ClassName=U_ETHERNET Member=Component C17 100nF
Added Member To Class: ClassName=U_ETHERNET Member=Component C22 100nF
Added Member To Class: ClassName=U_ETHERNET Member=Component C23 22uF
Added Member To Class: ClassName=U_ETHERNET Member=Component C24 6.8nF
Added Member To Class: ClassName=U_ETHERNET Member=Component C25 10nF
Added Member To Class: ClassName=U_ETHERNET Member=Component C26 6.8nF
Added Member To Class: ClassName=U_ETHERNET Member=Component C27 6.8nF
Added Member To Class: ClassName=U_ETHERNET Member=Component C28 10nF
Added Member To Class: ClassName=U_STM32 Member=Component C32 100nF
Added Member To Class: ClassName=U_STM32 Member=Component C33 100nF
Added Member To Class: ClassName=U_STM32 Member=Component C34 100nF
Added Member To Class: ClassName=U_STM32 Member=Component C35 100nF
Added Member To Class: ClassName=U_STM32 Member=Component C36 100nF
Added Member To Class: ClassName=U_STM32 Member=Component C37 100nF
Added Member To Class: ClassName=U_STM32 Member=Component C38 4.7uF
Added Member To Class: ClassName=U_STM32 Member=Component C39 100nF
Added Member To Class: ClassName=U_STM32 Member=Component C40 1uF
Added Member To Class: ClassName=U_STM32 Member=Component C41 100nF
Added Member To Class: ClassName=U_STM32 Member=Component C42 1uF
Added Member To Class: ClassName=U_STM32 Member=Component C43 10uF
Added Member To Class: ClassName=U_STM32 Member=Component C44 100nF
Added Member To Class: ClassName=U_STM32 Member=Component C45 10uF
Added Member To Class: ClassName=U_POWER Member=Component D5 SS34
Added Member To Class: ClassName=U_POWER Member=Component D6 SS34
Added Member To Class: ClassName=U_STM32 Member=Component D8 RED
Added Member To Class: ClassName=U_STM32 Member=Component D9 GREEN
Added Member To Class: ClassName=U_POWER Member=Component R5 10k
Added Member To Class: ClassName=U_POWER Member=Component R6 3.3k
Added Member To Class: ClassName=U_ESP32 Member=Component R11 10k
Added Member To Class: ClassName=U_ETHERNET Member=Component R13 49.9R
Added Member To Class: ClassName=U_ETHERNET Member=Component R14 33R
Added Member To Class: ClassName=U_ETHERNET Member=Component R15 33R
Added Member To Class: ClassName=U_ETHERNET Member=Component R16 33R
Added Member To Class: ClassName=U_ETHERNET Member=Component R17 33R
Added Member To Class: ClassName=U_ETHERNET Member=Component R26 330R
Added Member To Class: ClassName=U_ETHERNET Member=Component R30 10k
Added Member To Class: ClassName=U_ETHERNET Member=Component R33 0R
Added Member To Class: ClassName=U_ETHERNET Member=Component R34 1M
Added Member To Class: ClassName=U_STM32 Member=Component R35 1k
Added Member To Class: ClassName=U_STM32 Member=Component R36 1k
Added Member To Class: ClassName=U_STM32 Member=Component R37 1k
Added Member To Class: ClassName=U_STM32 Member=Component R38 100k
Added Member To Class: ClassName=U_STM32 Member=Component R39 10k
Added Member To Class: ClassName=U_STM32 Member=Component R40 10k
Added Member To Class: ClassName=U_POWER Member=Component U2 TPS5430
Added Member To Class: ClassName=U_ESP32 Member=Component U5 ESP32-WROOM-32
