Removed Pin From Net: NetName=VBAT Pin=J1-1
Removed Pin From Net: NetName=NetC9_1 Pin=J1-2
Removed Member From Class: ClassName=U_POWER Member=J1
Removed Member From Class: ClassName=U_STM32 Member=R17
Change Component Designator: OldDesignator=IC1 NewDesignator=IC2
Change Component Designator: OldDesignator=IC2 NewDesignator=IC1
Change Component Designator: OldDesignator=P1 NewDesignator=P2
Added Component: Designator=P1(HEAD2P-1.25)
Add component (AddParameter): Name = "ComponentLink1 Description"; Value = "Manufacturer"; VariantName = "[No Variations]"
Add component (AddParameter): Name = "ComponentLink1URL"; Value = "http://www.we-online.com"; VariantName = "[No Variations]"
Add component (AddParameter): Name = "ComponentLink2 Description"; Value = "Datasheet"; VariantName = "[No Variations]"
Add component (AddParameter): Name = "ComponentLink2URL"; Value = "http://katalog.we-online.de/em/datasheet/6130xx143121.pdf"; VariantName = "[No Variations]"
Add component (AddParameter): Name = "Created by"; Value = "Karrer Zheng"; VariantName = "[No Variations]"
Add component (AddParameter): Name = "Created Date"; Value = "29 March 2013"; VariantName = "[No Variations]"
Add component (AddParameter): Name = "Manufacturer"; Value = "W¨¹rth Elektronik eiSos GmbH"; VariantName = "[No Variations]"
Add component (AddParameter): Name = "NoPins"; Value = "02"; VariantName = "[No Variations]"
Add component (AddParameter): Name = "partNo"; Value = "613002143121"; VariantName = "[No Variations]"
Added Pin To Net: NetName=VBAT Pin=P1-1
Added Pin To Net: NetName=NetC9_1 Pin=P1-2
Added Member To Class: ClassName=U_POWER Member=Component IC2 RT9013
Added Member To Class: ClassName=U_POWER Member=Component P1 BAT
Added Member To Class: ClassName=U_STM32 Member=Component R11 10k
Added Member To Class: ClassName=U_STM32 Member=Component R12 0R
Added Member To Class: ClassName=U_STM32 Member=Component R14 1k
Added Member To Class: ClassName=U_DW1000 Member=Component R16 330R
Added Member To Class: ClassName=U_DW1000 Member=Component R18 330R
Added Room: Name=U_DW1000
Added Room: Name=U_POWER
Added Room: Name=U_STM32
