Change Component Designator: OldDesignator=IC1 NewDesignator=IC2
Change Component Designator: OldDesignator=IC2 NewDesignator=IC3
Change Component Designator: OldDesignator=IC3 NewDesignator=IC4
Change Component Designator: OldDesignator=IC4 NewDesignator=IC5
Change Component Designator: OldDesignator=IC5 NewDesignator=IC6
Added Component: Designator=IC1(SOT23-5)
Added Pin To Net: NetName=VCC Pin=IC1-1
Added Pin To Net: NetName=GND Pin=IC1-2
Added Pin To Net: NetName=NetIC1_3 Pin=IC1-3
Added Pin To Net: NetName=3.3V Pin=IC1-5
Change Net Name : Old Net Name=NetIC2_2 New Net Name=NetIC3_2
Change Net Name : Old Net Name=NetIC2_6 New Net Name=NetIC3_6
Change Net Name : Old Net Name=NetIC2_7 New Net Name=NetIC3_7
Change Net Name : Old Net Name=NetIC3_1 New Net Name=NetIC4_1
Change Net Name : Old Net Name=NetIC3_2 New Net Name=NetIC4_2
Change Net Name : Old Net Name=NetIC3_3 New Net Name=NetIC4_3
Change Net Name : Old Net Name=NetIC4_1 New Net Name=NetIC5_1
Change Net Name : Old Net Name=NetIC5_21 New Net Name=NetIC6_21
Change Net Name : Old Net Name=NetIC5_94 New Net Name=NetIC6_94
Added Pin To Net: NetName=NetIC1_4 Pin=IC1-4
Added Pin To Net: NetName=NetIC1_4 Pin=IC2-4
Added Net: Name=NetIC1_4
Added Member To Class: ClassName=U_POWER Member=Component IC5 FS8205A
