Added Component: Designator=B1(Button 3x4x2.5)
Added Component: Designator=B2(BUTTON NGHIENG)
Added Component: Designator=C1(CAP_0603)
Add component (AddParameter): Name = "LatestRevisionDate"; Value = "17-Jul-2002"; VariantName = "[No Variations]"
Add component (AddParameter): Name = "LatestRevisionNote"; Value = "Re-released for DXP Platform."; VariantName = "[No Variations]"
Add component (AddParameter): Name = "PackageReference"; Value = "RAD-0.3"; VariantName = "[No Variations]"
Add component (AddParameter): Name = "Published"; Value = "8-Jun-2000"; VariantName = "[No Variations]"
Add component (AddParameter): Name = "Publisher"; Value = "Altium Limited"; VariantName = "[No Variations]"
Add component (AddParameter): Name = "Value"; Value = "33p"; VariantName = "[No Variations]"
Added Component: Designator=C2(CAP_0603)
Add component (AddParameter): Name = "LatestRevisionDate"; Value = "17-Jul-2002"; VariantName = "[No Variations]"
Add component (AddParameter): Name = "LatestRevisionNote"; Value = "Re-released for DXP Platform."; VariantName = "[No Variations]"
Add component (AddParameter): Name = "PackageReference"; Value = "RAD-0.3"; VariantName = "[No Variations]"
Add component (AddParameter): Name = "Published"; Value = "8-Jun-2000"; VariantName = "[No Variations]"
Add component (AddParameter): Name = "Publisher"; Value = "Altium Limited"; VariantName = "[No Variations]"
Add component (AddParameter): Name = "Value"; Value = "33p"; VariantName = "[No Variations]"
Added Component: Designator=C3(CAP_0603)
Add component (AddParameter): Name = "LatestRevisionDate"; Value = "17-Jul-2002"; VariantName = "[No Variations]"
Add component (AddParameter): Name = "LatestRevisionNote"; Value = "Re-released for DXP Platform."; VariantName = "[No Variations]"
Add component (AddParameter): Name = "PackageReference"; Value = "RAD-0.3"; VariantName = "[No Variations]"
Add component (AddParameter): Name = "Published"; Value = "8-Jun-2000"; VariantName = "[No Variations]"
Add component (AddParameter): Name = "Publisher"; Value = "Altium Limited"; VariantName = "[No Variations]"
Add component (AddParameter): Name = "Value"; Value = "33p"; VariantName = "[No Variations]"
Added Component: Designator=C4(CAP_0603)
Add component (AddParameter): Name = "LatestRevisionDate"; Value = "17-Jul-2002"; VariantName = "[No Variations]"
Add component (AddParameter): Name = "LatestRevisionNote"; Value = "Re-released for DXP Platform."; VariantName = "[No Variations]"
Add component (AddParameter): Name = "PackageReference"; Value = "RAD-0.3"; VariantName = "[No Variations]"
Add component (AddParameter): Name = "Published"; Value = "8-Jun-2000"; VariantName = "[No Variations]"
Add component (AddParameter): Name = "Publisher"; Value = "Altium Limited"; VariantName = "[No Variations]"
Add component (AddParameter): Name = "Value"; Value = "33p"; VariantName = "[No Variations]"
Added Component: Designator=C5(CAP_0603)
Add component (AddParameter): Name = "LatestRevisionDate"; Value = "17-Jul-2002"; VariantName = "[No Variations]"
Add component (AddParameter): Name = "LatestRevisionNote"; Value = "Re-released for DXP Platform."; VariantName = "[No Variations]"
Add component (AddParameter): Name = "PackageReference"; Value = "RAD-0.3"; VariantName = "[No Variations]"
Add component (AddParameter): Name = "Published"; Value = "8-Jun-2000"; VariantName = "[No Variations]"
Add component (AddParameter): Name = "Publisher"; Value = "Altium Limited"; VariantName = "[No Variations]"
Add component (AddParameter): Name = "Value"; Value = "33p"; VariantName = "[No Variations]"
Added Component: Designator=C6(CAP_0603)
Add component (AddParameter): Name = "LatestRevisionDate"; Value = "17-Jul-2002"; VariantName = "[No Variations]"
Add component (AddParameter): Name = "LatestRevisionNote"; Value = "Re-released for DXP Platform."; VariantName = "[No Variations]"
Add component (AddParameter): Name = "PackageReference"; Value = "RAD-0.3"; VariantName = "[No Variations]"
Add component (AddParameter): Name = "Published"; Value = "8-Jun-2000"; VariantName = "[No Variations]"
Add component (AddParameter): Name = "Publisher"; Value = "Altium Limited"; VariantName = "[No Variations]"
Add component (AddParameter): Name = "Value"; Value = "33p"; VariantName = "[No Variations]"
Added Component: Designator=C7(CAP_0603)
Add component (AddParameter): Name = "LatestRevisionDate"; Value = "17-Jul-2002"; VariantName = "[No Variations]"
Add component (AddParameter): Name = "LatestRevisionNote"; Value = "Re-released for DXP Platform."; VariantName = "[No Variations]"
Add component (AddParameter): Name = "PackageReference"; Value = "RAD-0.3"; VariantName = "[No Variations]"
Add component (AddParameter): Name = "Published"; Value = "8-Jun-2000"; VariantName = "[No Variations]"
Add component (AddParameter): Name = "Publisher"; Value = "Altium Limited"; VariantName = "[No Variations]"
Add component (AddParameter): Name = "Value"; Value = "33p"; VariantName = "[No Variations]"
Added Component: Designator=C8(CAP_0603)
Add component (AddParameter): Name = "LatestRevisionDate"; Value = "17-Jul-2002"; VariantName = "[No Variations]"
Add component (AddParameter): Name = "LatestRevisionNote"; Value = "Re-released for DXP Platform."; VariantName = "[No Variations]"
Add component (AddParameter): Name = "PackageReference"; Value = "RAD-0.3"; VariantName = "[No Variations]"
Add component (AddParameter): Name = "Published"; Value = "8-Jun-2000"; VariantName = "[No Variations]"
Add component (AddParameter): Name = "Publisher"; Value = "Altium Limited"; VariantName = "[No Variations]"
Add component (AddParameter): Name = "Value"; Value = "33p"; VariantName = "[No Variations]"
Added Component: Designator=C9(CAP_0603)
Add component (AddParameter): Name = "LatestRevisionDate"; Value = "17-Jul-2002"; VariantName = "[No Variations]"
Add component (AddParameter): Name = "LatestRevisionNote"; Value = "Re-released for DXP Platform."; VariantName = "[No Variations]"
Add component (AddParameter): Name = "PackageReference"; Value = "RAD-0.3"; VariantName = "[No Variations]"
Add component (AddParameter): Name = "Published"; Value = "8-Jun-2000"; VariantName = "[No Variations]"
Add component (AddParameter): Name = "Publisher"; Value = "Altium Limited"; VariantName = "[No Variations]"
Add component (AddParameter): Name = "Value"; Value = "33p"; VariantName = "[No Variations]"
Added Component: Designator=C10(CAP_0603)
Add component (AddParameter): Name = "LatestRevisionDate"; Value = "17-Jul-2002"; VariantName = "[No Variations]"
Add component (AddParameter): Name = "LatestRevisionNote"; Value = "Re-released for DXP Platform."; VariantName = "[No Variations]"
Add component (AddParameter): Name = "PackageReference"; Value = "RAD-0.3"; VariantName = "[No Variations]"
Add component (AddParameter): Name = "Published"; Value = "8-Jun-2000"; VariantName = "[No Variations]"
Add component (AddParameter): Name = "Publisher"; Value = "Altium Limited"; VariantName = "[No Variations]"
Add component (AddParameter): Name = "Value"; Value = "33p"; VariantName = "[No Variations]"
Added Component: Designator=C11(CAP_0603)
Add component (AddParameter): Name = "LatestRevisionDate"; Value = "17-Jul-2002"; VariantName = "[No Variations]"
Add component (AddParameter): Name = "LatestRevisionNote"; Value = "Re-released for DXP Platform."; VariantName = "[No Variations]"
Add component (AddParameter): Name = "PackageReference"; Value = "RAD-0.3"; VariantName = "[No Variations]"
Add component (AddParameter): Name = "Published"; Value = "8-Jun-2000"; VariantName = "[No Variations]"
Add component (AddParameter): Name = "Publisher"; Value = "Altium Limited"; VariantName = "[No Variations]"
Add component (AddParameter): Name = "Value"; Value = "33p"; VariantName = "[No Variations]"
Added Component: Designator=C12(CAP_0603)
Add component (AddParameter): Name = "LatestRevisionDate"; Value = "17-Jul-2002"; VariantName = "[No Variations]"
Add component (AddParameter): Name = "LatestRevisionNote"; Value = "Re-released for DXP Platform."; VariantName = "[No Variations]"
Add component (AddParameter): Name = "PackageReference"; Value = "RAD-0.3"; VariantName = "[No Variations]"
Add component (AddParameter): Name = "Published"; Value = "8-Jun-2000"; VariantName = "[No Variations]"
Add component (AddParameter): Name = "Publisher"; Value = "Altium Limited"; VariantName = "[No Variations]"
Add component (AddParameter): Name = "Value"; Value = "33p"; VariantName = "[No Variations]"
Added Component: Designator=C13(CAP_0603)
Add component (AddParameter): Name = "LatestRevisionDate"; Value = "17-Jul-2002"; VariantName = "[No Variations]"
Add component (AddParameter): Name = "LatestRevisionNote"; Value = "Re-released for DXP Platform."; VariantName = "[No Variations]"
Add component (AddParameter): Name = "PackageReference"; Value = "RAD-0.3"; VariantName = "[No Variations]"
Add component (AddParameter): Name = "Published"; Value = "8-Jun-2000"; VariantName = "[No Variations]"
Add component (AddParameter): Name = "Publisher"; Value = "Altium Limited"; VariantName = "[No Variations]"
Add component (AddParameter): Name = "Value"; Value = "33p"; VariantName = "[No Variations]"
Added Component: Designator=C14(CAP_0603)
Add component (AddParameter): Name = "LatestRevisionDate"; Value = "17-Jul-2002"; VariantName = "[No Variations]"
Add component (AddParameter): Name = "LatestRevisionNote"; Value = "Re-released for DXP Platform."; VariantName = "[No Variations]"
Add component (AddParameter): Name = "PackageReference"; Value = "RAD-0.3"; VariantName = "[No Variations]"
Add component (AddParameter): Name = "Published"; Value = "8-Jun-2000"; VariantName = "[No Variations]"
Add component (AddParameter): Name = "Publisher"; Value = "Altium Limited"; VariantName = "[No Variations]"
Add component (AddParameter): Name = "Value"; Value = "33p"; VariantName = "[No Variations]"
Added Component: Designator=C15(CAP_0603)
Add component (AddParameter): Name = "LatestRevisionDate"; Value = "17-Jul-2002"; VariantName = "[No Variations]"
Add component (AddParameter): Name = "LatestRevisionNote"; Value = "Re-released for DXP Platform."; VariantName = "[No Variations]"
Add component (AddParameter): Name = "PackageReference"; Value = "RAD-0.3"; VariantName = "[No Variations]"
Add component (AddParameter): Name = "Published"; Value = "8-Jun-2000"; VariantName = "[No Variations]"
Add component (AddParameter): Name = "Publisher"; Value = "Altium Limited"; VariantName = "[No Variations]"
Add component (AddParameter): Name = "Value"; Value = "33p"; VariantName = "[No Variations]"
Added Component: Designator=C16(CAP_0603)
Add component (AddParameter): Name = "LatestRevisionDate"; Value = "17-Jul-2002"; VariantName = "[No Variations]"
Add component (AddParameter): Name = "LatestRevisionNote"; Value = "Re-released for DXP Platform."; VariantName = "[No Variations]"
Add component (AddParameter): Name = "PackageReference"; Value = "RAD-0.3"; VariantName = "[No Variations]"
Add component (AddParameter): Name = "Published"; Value = "8-Jun-2000"; VariantName = "[No Variations]"
Add component (AddParameter): Name = "Publisher"; Value = "Altium Limited"; VariantName = "[No Variations]"
Add component (AddParameter): Name = "Value"; Value = "33p"; VariantName = "[No Variations]"
Added Component: Designator=C17(CAP_0603)
Add component (AddParameter): Name = "LatestRevisionDate"; Value = "17-Jul-2002"; VariantName = "[No Variations]"
Add component (AddParameter): Name = "LatestRevisionNote"; Value = "Re-released for DXP Platform."; VariantName = "[No Variations]"
Add component (AddParameter): Name = "PackageReference"; Value = "RAD-0.3"; VariantName = "[No Variations]"
Add component (AddParameter): Name = "Published"; Value = "8-Jun-2000"; VariantName = "[No Variations]"
Add component (AddParameter): Name = "Publisher"; Value = "Altium Limited"; VariantName = "[No Variations]"
Add component (AddParameter): Name = "Value"; Value = "33p"; VariantName = "[No Variations]"
Added Component: Designator=C18(CAP_0603)
Add component (AddParameter): Name = "LatestRevisionDate"; Value = "17-Jul-2002"; VariantName = "[No Variations]"
Add component (AddParameter): Name = "LatestRevisionNote"; Value = "Re-released for DXP Platform."; VariantName = "[No Variations]"
Add component (AddParameter): Name = "PackageReference"; Value = "RAD-0.3"; VariantName = "[No Variations]"
Add component (AddParameter): Name = "Published"; Value = "8-Jun-2000"; VariantName = "[No Variations]"
Add component (AddParameter): Name = "Publisher"; Value = "Altium Limited"; VariantName = "[No Variations]"
Add component (AddParameter): Name = "Value"; Value = "33p"; VariantName = "[No Variations]"
Added Component: Designator=C19(CAP_0603)
Add component (AddParameter): Name = "LatestRevisionDate"; Value = "17-Jul-2002"; VariantName = "[No Variations]"
Add component (AddParameter): Name = "LatestRevisionNote"; Value = "Re-released for DXP Platform."; VariantName = "[No Variations]"
Add component (AddParameter): Name = "PackageReference"; Value = "RAD-0.3"; VariantName = "[No Variations]"
Add component (AddParameter): Name = "Published"; Value = "8-Jun-2000"; VariantName = "[No Variations]"
Add component (AddParameter): Name = "Publisher"; Value = "Altium Limited"; VariantName = "[No Variations]"
Add component (AddParameter): Name = "Value"; Value = "33p"; VariantName = "[No Variations]"
Added Component: Designator=C20(CAP_0603)
Add component (AddParameter): Name = "LatestRevisionDate"; Value = "17-Jul-2002"; VariantName = "[No Variations]"
Add component (AddParameter): Name = "LatestRevisionNote"; Value = "Re-released for DXP Platform."; VariantName = "[No Variations]"
Add component (AddParameter): Name = "PackageReference"; Value = "RAD-0.3"; VariantName = "[No Variations]"
Add component (AddParameter): Name = "Published"; Value = "8-Jun-2000"; VariantName = "[No Variations]"
Add component (AddParameter): Name = "Publisher"; Value = "Altium Limited"; VariantName = "[No Variations]"
Add component (AddParameter): Name = "Value"; Value = "33p"; VariantName = "[No Variations]"
Added Component: Designator=C21(CAP_0603)
Add component (AddParameter): Name = "LatestRevisionDate"; Value = "17-Jul-2002"; VariantName = "[No Variations]"
Add component (AddParameter): Name = "LatestRevisionNote"; Value = "Re-released for DXP Platform."; VariantName = "[No Variations]"
Add component (AddParameter): Name = "PackageReference"; Value = "RAD-0.3"; VariantName = "[No Variations]"
Add component (AddParameter): Name = "Published"; Value = "8-Jun-2000"; VariantName = "[No Variations]"
Add component (AddParameter): Name = "Publisher"; Value = "Altium Limited"; VariantName = "[No Variations]"
Add component (AddParameter): Name = "Value"; Value = "33p"; VariantName = "[No Variations]"
Added Component: Designator=C22(CAP_0603)
Add component (AddParameter): Name = "LatestRevisionDate"; Value = "17-Jul-2002"; VariantName = "[No Variations]"
Add component (AddParameter): Name = "LatestRevisionNote"; Value = "Re-released for DXP Platform."; VariantName = "[No Variations]"
Add component (AddParameter): Name = "PackageReference"; Value = "RAD-0.3"; VariantName = "[No Variations]"
Add component (AddParameter): Name = "Published"; Value = "8-Jun-2000"; VariantName = "[No Variations]"
Add component (AddParameter): Name = "Publisher"; Value = "Altium Limited"; VariantName = "[No Variations]"
Add component (AddParameter): Name = "Value"; Value = "33p"; VariantName = "[No Variations]"
Added Component: Designator=C23(CAP_0603)
Add component (AddParameter): Name = "LatestRevisionDate"; Value = "17-Jul-2002"; VariantName = "[No Variations]"
Add component (AddParameter): Name = "LatestRevisionNote"; Value = "Re-released for DXP Platform."; VariantName = "[No Variations]"
Add component (AddParameter): Name = "PackageReference"; Value = "RAD-0.3"; VariantName = "[No Variations]"
Add component (AddParameter): Name = "Published"; Value = "8-Jun-2000"; VariantName = "[No Variations]"
Add component (AddParameter): Name = "Publisher"; Value = "Altium Limited"; VariantName = "[No Variations]"
Add component (AddParameter): Name = "Value"; Value = "33p"; VariantName = "[No Variations]"
Added Component: Designator=C24(CAP_0603)
Add component (AddParameter): Name = "LatestRevisionDate"; Value = "17-Jul-2002"; VariantName = "[No Variations]"
Add component (AddParameter): Name = "LatestRevisionNote"; Value = "Re-released for DXP Platform."; VariantName = "[No Variations]"
Add component (AddParameter): Name = "PackageReference"; Value = "RAD-0.3"; VariantName = "[No Variations]"
Add component (AddParameter): Name = "Published"; Value = "8-Jun-2000"; VariantName = "[No Variations]"
Add component (AddParameter): Name = "Publisher"; Value = "Altium Limited"; VariantName = "[No Variations]"
Add component (AddParameter): Name = "Value"; Value = "33p"; VariantName = "[No Variations]"
Added Component: Designator=C25(CAP_0603)
Add component (AddParameter): Name = "LatestRevisionDate"; Value = "17-Jul-2002"; VariantName = "[No Variations]"
Add component (AddParameter): Name = "LatestRevisionNote"; Value = "Re-released for DXP Platform."; VariantName = "[No Variations]"
Add component (AddParameter): Name = "PackageReference"; Value = "RAD-0.3"; VariantName = "[No Variations]"
Add component (AddParameter): Name = "Published"; Value = "8-Jun-2000"; VariantName = "[No Variations]"
Add component (AddParameter): Name = "Publisher"; Value = "Altium Limited"; VariantName = "[No Variations]"
Add component (AddParameter): Name = "Value"; Value = "33p"; VariantName = "[No Variations]"
Added Component: Designator=C26(CAP_0603)
Add component (AddParameter): Name = "LatestRevisionDate"; Value = "17-Jul-2002"; VariantName = "[No Variations]"
Add component (AddParameter): Name = "LatestRevisionNote"; Value = "Re-released for DXP Platform."; VariantName = "[No Variations]"
Add component (AddParameter): Name = "PackageReference"; Value = "RAD-0.3"; VariantName = "[No Variations]"
Add component (AddParameter): Name = "Published"; Value = "8-Jun-2000"; VariantName = "[No Variations]"
Add component (AddParameter): Name = "Publisher"; Value = "Altium Limited"; VariantName = "[No Variations]"
Add component (AddParameter): Name = "Value"; Value = "33p"; VariantName = "[No Variations]"
Added Component: Designator=C27(CAP_0603)
Add component (AddParameter): Name = "LatestRevisionDate"; Value = "17-Jul-2002"; VariantName = "[No Variations]"
Add component (AddParameter): Name = "LatestRevisionNote"; Value = "Re-released for DXP Platform."; VariantName = "[No Variations]"
Add component (AddParameter): Name = "PackageReference"; Value = "RAD-0.3"; VariantName = "[No Variations]"
Add component (AddParameter): Name = "Published"; Value = "8-Jun-2000"; VariantName = "[No Variations]"
Add component (AddParameter): Name = "Publisher"; Value = "Altium Limited"; VariantName = "[No Variations]"
Add component (AddParameter): Name = "Value"; Value = "33p"; VariantName = "[No Variations]"
Added Component: Designator=C28(CAP_0603)
Add component (AddParameter): Name = "LatestRevisionDate"; Value = "17-Jul-2002"; VariantName = "[No Variations]"
Add component (AddParameter): Name = "LatestRevisionNote"; Value = "Re-released for DXP Platform."; VariantName = "[No Variations]"
Add component (AddParameter): Name = "PackageReference"; Value = "RAD-0.3"; VariantName = "[No Variations]"
Add component (AddParameter): Name = "Published"; Value = "8-Jun-2000"; VariantName = "[No Variations]"
Add component (AddParameter): Name = "Publisher"; Value = "Altium Limited"; VariantName = "[No Variations]"
Add component (AddParameter): Name = "Value"; Value = "33p"; VariantName = "[No Variations]"
Added Component: Designator=C29(CAP_0603)
Add component (AddParameter): Name = "LatestRevisionDate"; Value = "17-Jul-2002"; VariantName = "[No Variations]"
Add component (AddParameter): Name = "LatestRevisionNote"; Value = "Re-released for DXP Platform."; VariantName = "[No Variations]"
Add component (AddParameter): Name = "PackageReference"; Value = "RAD-0.3"; VariantName = "[No Variations]"
Add component (AddParameter): Name = "Published"; Value = "8-Jun-2000"; VariantName = "[No Variations]"
Add component (AddParameter): Name = "Publisher"; Value = "Altium Limited"; VariantName = "[No Variations]"
Add component (AddParameter): Name = "Value"; Value = "33p"; VariantName = "[No Variations]"
Added Component: Designator=C30(CAP_0603)
Add component (AddParameter): Name = "LatestRevisionDate"; Value = "17-Jul-2002"; VariantName = "[No Variations]"
Add component (AddParameter): Name = "LatestRevisionNote"; Value = "Re-released for DXP Platform."; VariantName = "[No Variations]"
Add component (AddParameter): Name = "PackageReference"; Value = "RAD-0.3"; VariantName = "[No Variations]"
Add component (AddParameter): Name = "Published"; Value = "8-Jun-2000"; VariantName = "[No Variations]"
Add component (AddParameter): Name = "Publisher"; Value = "Altium Limited"; VariantName = "[No Variations]"
Add component (AddParameter): Name = "Value"; Value = "33p"; VariantName = "[No Variations]"
Added Component: Designator=C31(CAP_0603)
Add component (AddParameter): Name = "LatestRevisionDate"; Value = "17-Jul-2002"; VariantName = "[No Variations]"
Add component (AddParameter): Name = "LatestRevisionNote"; Value = "Re-released for DXP Platform."; VariantName = "[No Variations]"
Add component (AddParameter): Name = "PackageReference"; Value = "RAD-0.3"; VariantName = "[No Variations]"
Add component (AddParameter): Name = "Published"; Value = "8-Jun-2000"; VariantName = "[No Variations]"
Add component (AddParameter): Name = "Publisher"; Value = "Altium Limited"; VariantName = "[No Variations]"
Add component (AddParameter): Name = "Value"; Value = "33p"; VariantName = "[No Variations]"
Added Component: Designator=D1(LED-0603-Green)
Add component (AddParameter): Name = "Value"; Value = "LED 3 ly Single Colour"; VariantName = "[No Variations]"
Added Component: Designator=D2(LED-0603-Green)
Add component (AddParameter): Name = "Value"; Value = "LED 3 ly Single Colour"; VariantName = "[No Variations]"
Added Component: Designator=D3(LED-0603-Red)
Add component (AddParameter): Name = "Value"; Value = "LED 3 ly Single Colour"; VariantName = "[No Variations]"
Added Component: Designator=D4(LED-0603-Green)
Add component (AddParameter): Name = "Value"; Value = "LED 3 ly Single Colour"; VariantName = "[No Variations]"
Added Component: Designator=D5(LED-0603-Red)
Add component (AddParameter): Name = "Value"; Value = "LED 3 ly Single Colour"; VariantName = "[No Variations]"
Added Component: Designator=D6(LED-0603-Green)
Add component (AddParameter): Name = "Value"; Value = "LED 3 ly Single Colour"; VariantName = "[No Variations]"
Added Component: Designator=D7(LED-0603-Red)
Add component (AddParameter): Name = "Value"; Value = "LED 3 ly Single Colour"; VariantName = "[No Variations]"
Added Component: Designator=D8(LED-0603-Green)
Add component (AddParameter): Name = "Value"; Value = "LED 3 ly Single Colour"; VariantName = "[No Variations]"
Added Component: Designator=D9(LED-0603-Green)
Add component (AddParameter): Name = "Value"; Value = "LED 3 ly Single Colour"; VariantName = "[No Variations]"
Added Component: Designator=IC1(SOT23-5)
Added Component: Designator=IC2(TP4056)
Added Component: Designator=IC3(SOT23-5)
Added Component: Designator=IC4(SOT23-6)
Added Component: Designator=IC5(FS8205A)
Added Component: Designator=IC6(STM32F407VET6)
Added Component: Designator=P1(HEAD2P-1.25)
Add component (AddParameter): Name = "ComponentLink1 Description"; Value = "Manufacturer"; VariantName = "[No Variations]"
Add component (AddParameter): Name = "ComponentLink1URL"; Value = "http://www.we-online.com"; VariantName = "[No Variations]"
Add component (AddParameter): Name = "ComponentLink2 Description"; Value = "Datasheet"; VariantName = "[No Variations]"
Add component (AddParameter): Name = "ComponentLink2URL"; Value = "http://katalog.we-online.de/em/datasheet/6130xx143121.pdf"; VariantName = "[No Variations]"
Add component (AddParameter): Name = "Created by"; Value = "Karrer Zheng"; VariantName = "[No Variations]"
Add component (AddParameter): Name = "Created Date"; Value = "29 March 2013"; VariantName = "[No Variations]"
Add component (AddParameter): Name = "Manufacturer"; Value = "W¨¹rth Elektronik eiSos GmbH"; VariantName = "[No Variations]"
Add component (AddParameter): Name = "NoPins"; Value = "02"; VariantName = "[No Variations]"
Add component (AddParameter): Name = "partNo"; Value = "613002143121"; VariantName = "[No Variations]"
Added Component: Designator=P2(HEADER4P-1.25)
Add component (AddParameter): Name = "ComponentLink1 Description"; Value = "Manufacturer"; VariantName = "[No Variations]"
Add component (AddParameter): Name = "ComponentLink1URL"; Value = "http://www.we-online.com"; VariantName = "[No Variations]"
Add component (AddParameter): Name = "ComponentLink2 Description"; Value = "Datasheet"; VariantName = "[No Variations]"
Add component (AddParameter): Name = "ComponentLink2URL"; Value = "http://katalog.we-online.de/em/datasheet/6130xx143121.pdf"; VariantName = "[No Variations]"
Add component (AddParameter): Name = "Created by"; Value = "Karrer Zheng"; VariantName = "[No Variations]"
Add component (AddParameter): Name = "Created Date"; Value = "29 March 2013"; VariantName = "[No Variations]"
Add component (AddParameter): Name = "Manufacturer"; Value = "W¨¹rth Elektronik eiSos GmbH"; VariantName = "[No Variations]"
Add component (AddParameter): Name = "NoPins"; Value = "02"; VariantName = "[No Variations]"
Add component (AddParameter): Name = "partNo"; Value = "613002143121"; VariantName = "[No Variations]"
Added Component: Designator=R1(RES-SMD-0603)
Add component (AddParameter): Name = "Class"; Value = "Passive"; VariantName = "[No Variations]"
Add component (AddParameter): Name = "Manufacturer"; Value = "Generic Components"; VariantName = "[No Variations]"
Add component (AddParameter): Name = "Published"; Value = "08/06/2000"; VariantName = "[No Variations]"
Add component (AddParameter): Name = "Publisher"; Value = "Altium Hobart Technology Centre"; VariantName = "[No Variations]"
Added Component: Designator=R2(RES-SMD-0603)
Add component (AddParameter): Name = "Class"; Value = "Passive"; VariantName = "[No Variations]"
Add component (AddParameter): Name = "Manufacturer"; Value = "Generic Components"; VariantName = "[No Variations]"
Add component (AddParameter): Name = "Published"; Value = "08/06/2000"; VariantName = "[No Variations]"
Add component (AddParameter): Name = "Publisher"; Value = "Altium Hobart Technology Centre"; VariantName = "[No Variations]"
Added Component: Designator=R3(RES-SMD-0603)
Add component (AddParameter): Name = "Class"; Value = "Passive"; VariantName = "[No Variations]"
Add component (AddParameter): Name = "Manufacturer"; Value = "Generic Components"; VariantName = "[No Variations]"
Add component (AddParameter): Name = "Published"; Value = "08/06/2000"; VariantName = "[No Variations]"
Add component (AddParameter): Name = "Publisher"; Value = "Altium Hobart Technology Centre"; VariantName = "[No Variations]"
Added Component: Designator=R4(RES-SMD-0603)
Add component (AddParameter): Name = "Class"; Value = "Passive"; VariantName = "[No Variations]"
Add component (AddParameter): Name = "Manufacturer"; Value = "Generic Components"; VariantName = "[No Variations]"
Add component (AddParameter): Name = "Published"; Value = "08/06/2000"; VariantName = "[No Variations]"
Add component (AddParameter): Name = "Publisher"; Value = "Altium Hobart Technology Centre"; VariantName = "[No Variations]"
Added Component: Designator=R5(RES-SMD-0603)
Add component (AddParameter): Name = "Class"; Value = "Passive"; VariantName = "[No Variations]"
Add component (AddParameter): Name = "Manufacturer"; Value = "Generic Components"; VariantName = "[No Variations]"
Add component (AddParameter): Name = "Published"; Value = "08/06/2000"; VariantName = "[No Variations]"
Add component (AddParameter): Name = "Publisher"; Value = "Altium Hobart Technology Centre"; VariantName = "[No Variations]"
Added Component: Designator=R6(RES-SMD-0603)
Add component (AddParameter): Name = "Class"; Value = "Passive"; VariantName = "[No Variations]"
Add component (AddParameter): Name = "Manufacturer"; Value = "Generic Components"; VariantName = "[No Variations]"
Add component (AddParameter): Name = "Published"; Value = "08/06/2000"; VariantName = "[No Variations]"
Add component (AddParameter): Name = "Publisher"; Value = "Altium Hobart Technology Centre"; VariantName = "[No Variations]"
Added Component: Designator=R7(RES-SMD-0603)
Add component (AddParameter): Name = "Class"; Value = "Passive"; VariantName = "[No Variations]"
Add component (AddParameter): Name = "Manufacturer"; Value = "Generic Components"; VariantName = "[No Variations]"
Add component (AddParameter): Name = "Published"; Value = "08/06/2000"; VariantName = "[No Variations]"
Add component (AddParameter): Name = "Publisher"; Value = "Altium Hobart Technology Centre"; VariantName = "[No Variations]"
Added Component: Designator=R8(RES-SMD-0603)
Add component (AddParameter): Name = "Class"; Value = "Passive"; VariantName = "[No Variations]"
Add component (AddParameter): Name = "Manufacturer"; Value = "Generic Components"; VariantName = "[No Variations]"
Add component (AddParameter): Name = "Published"; Value = "08/06/2000"; VariantName = "[No Variations]"
Add component (AddParameter): Name = "Publisher"; Value = "Altium Hobart Technology Centre"; VariantName = "[No Variations]"
Added Component: Designator=R9(RES-SMD-0603)
Add component (AddParameter): Name = "Class"; Value = "Passive"; VariantName = "[No Variations]"
Add component (AddParameter): Name = "Manufacturer"; Value = "Generic Components"; VariantName = "[No Variations]"
Add component (AddParameter): Name = "Published"; Value = "08/06/2000"; VariantName = "[No Variations]"
Add component (AddParameter): Name = "Publisher"; Value = "Altium Hobart Technology Centre"; VariantName = "[No Variations]"
Added Component: Designator=R10(RES-SMD-0603)
Add component (AddParameter): Name = "Class"; Value = "Passive"; VariantName = "[No Variations]"
Add component (AddParameter): Name = "Manufacturer"; Value = "Generic Components"; VariantName = "[No Variations]"
Add component (AddParameter): Name = "Published"; Value = "08/06/2000"; VariantName = "[No Variations]"
Add component (AddParameter): Name = "Publisher"; Value = "Altium Hobart Technology Centre"; VariantName = "[No Variations]"
Added Component: Designator=R11(RES-SMD-0603)
Add component (AddParameter): Name = "Class"; Value = "Passive"; VariantName = "[No Variations]"
Add component (AddParameter): Name = "Manufacturer"; Value = "Generic Components"; VariantName = "[No Variations]"
Add component (AddParameter): Name = "Published"; Value = "08/06/2000"; VariantName = "[No Variations]"
Add component (AddParameter): Name = "Publisher"; Value = "Altium Hobart Technology Centre"; VariantName = "[No Variations]"
Added Component: Designator=R12(RES-SMD-0603)
Add component (AddParameter): Name = "Class"; Value = "Passive"; VariantName = "[No Variations]"
Add component (AddParameter): Name = "Manufacturer"; Value = "Generic Components"; VariantName = "[No Variations]"
Add component (AddParameter): Name = "Published"; Value = "08/06/2000"; VariantName = "[No Variations]"
Add component (AddParameter): Name = "Publisher"; Value = "Altium Hobart Technology Centre"; VariantName = "[No Variations]"
Added Component: Designator=R13(RES-SMD-0603)
Add component (AddParameter): Name = "Class"; Value = "Passive"; VariantName = "[No Variations]"
Add component (AddParameter): Name = "Manufacturer"; Value = "Generic Components"; VariantName = "[No Variations]"
Add component (AddParameter): Name = "Published"; Value = "08/06/2000"; VariantName = "[No Variations]"
Add component (AddParameter): Name = "Publisher"; Value = "Altium Hobart Technology Centre"; VariantName = "[No Variations]"
Added Component: Designator=R14(RES-SMD-0603)
Add component (AddParameter): Name = "Class"; Value = "Passive"; VariantName = "[No Variations]"
Add component (AddParameter): Name = "Manufacturer"; Value = "Generic Components"; VariantName = "[No Variations]"
Add component (AddParameter): Name = "Published"; Value = "08/06/2000"; VariantName = "[No Variations]"
Add component (AddParameter): Name = "Publisher"; Value = "Altium Hobart Technology Centre"; VariantName = "[No Variations]"
Added Component: Designator=R15(RES-SMD-0603)
Add component (AddParameter): Name = "Class"; Value = "Passive"; VariantName = "[No Variations]"
Add component (AddParameter): Name = "Manufacturer"; Value = "Generic Components"; VariantName = "[No Variations]"
Add component (AddParameter): Name = "Published"; Value = "08/06/2000"; VariantName = "[No Variations]"
Add component (AddParameter): Name = "Publisher"; Value = "Altium Hobart Technology Centre"; VariantName = "[No Variations]"
Added Component: Designator=R16(RES-SMD-0603)
Add component (AddParameter): Name = "Class"; Value = "Passive"; VariantName = "[No Variations]"
Add component (AddParameter): Name = "Manufacturer"; Value = "Generic Components"; VariantName = "[No Variations]"
Add component (AddParameter): Name = "Published"; Value = "08/06/2000"; VariantName = "[No Variations]"
Add component (AddParameter): Name = "Publisher"; Value = "Altium Hobart Technology Centre"; VariantName = "[No Variations]"
Added Component: Designator=R17(RES-SMD-0603)
Add component (AddParameter): Name = "Class"; Value = "Passive"; VariantName = "[No Variations]"
Add component (AddParameter): Name = "Manufacturer"; Value = "Generic Components"; VariantName = "[No Variations]"
Add component (AddParameter): Name = "Published"; Value = "08/06/2000"; VariantName = "[No Variations]"
Add component (AddParameter): Name = "Publisher"; Value = "Altium Hobart Technology Centre"; VariantName = "[No Variations]"
Added Component: Designator=R18(RES-SMD-0603)
Add component (AddParameter): Name = "Class"; Value = "Passive"; VariantName = "[No Variations]"
Add component (AddParameter): Name = "Manufacturer"; Value = "Generic Components"; VariantName = "[No Variations]"
Add component (AddParameter): Name = "Published"; Value = "08/06/2000"; VariantName = "[No Variations]"
Add component (AddParameter): Name = "Publisher"; Value = "Altium Hobart Technology Centre"; VariantName = "[No Variations]"
Added Component: Designator=R19(RES-SMD-0603)
Add component (AddParameter): Name = "Class"; Value = "Passive"; VariantName = "[No Variations]"
Add component (AddParameter): Name = "Manufacturer"; Value = "Generic Components"; VariantName = "[No Variations]"
Add component (AddParameter): Name = "Published"; Value = "08/06/2000"; VariantName = "[No Variations]"
Add component (AddParameter): Name = "Publisher"; Value = "Altium Hobart Technology Centre"; VariantName = "[No Variations]"
Added Component: Designator=R20(RES-SMD-0603)
Add component (AddParameter): Name = "Class"; Value = "Passive"; VariantName = "[No Variations]"
Add component (AddParameter): Name = "Manufacturer"; Value = "Generic Components"; VariantName = "[No Variations]"
Add component (AddParameter): Name = "Published"; Value = "08/06/2000"; VariantName = "[No Variations]"
Add component (AddParameter): Name = "Publisher"; Value = "Altium Hobart Technology Centre"; VariantName = "[No Variations]"
Added Component: Designator=SW1(CONG-TAC-GAT)
Added Component: Designator=SW2(SW)
Added Component: Designator=U1(SO16)
Add component (AddParameter): Name = "Availability"; Value = "Unavailable"; VariantName = "[No Variations]"
Add component (AddParameter): Name = "Check_prices"; Value = "https://www.snapeda.com/parts/CH340C/WCH/view-part/5428851/?ref=eda"; VariantName = "[No Variations]"
Add component (AddParameter): Name = "MF"; Value = "WCH"; VariantName = "[No Variations]"
Add component (AddParameter): Name = "MP"; Value = "CH340C"; VariantName = "[No Variations]"
Add component (AddParameter): Name = "Package"; Value = "Package"; VariantName = "[No Variations]"
Add component (AddParameter): Name = "Price"; Value = "None"; VariantName = "[No Variations]"
Add component (AddParameter): Name = "SnapEDA_Link"; Value = "https://www.snapeda.com/parts/CH340C/WCH/view-part/5428851/?ref=snap"; VariantName = "[No Variations]"
Add component (AddParameter): Name = "Value"; Value = ""; VariantName = "[No Variations]"
Added Component: Designator=U2(DW1000)
Added Component: Designator=USB1(USB Micro 5p DIP)
Add component (AddParameter): Name = "Ma_Hang"; Value = "MH005145"; VariantName = "[No Variations]"
Add component (AddParameter): Name = "Ten"; Value = "MicroUSB MK5P DIP"; VariantName = "[No Variations]"
Added Component: Designator=X1(XTAL 5032 SMD)
Add component (AddParameter): Name = "Value"; Value = "4Mhz"; VariantName = "[No Variations]"
Added Pin To Net: NetName=+3.3V Pin=C5-1
Added Pin To Net: NetName=+3.3V Pin=C6-1
Added Pin To Net: NetName=+3.3V Pin=C9-1
Added Pin To Net: NetName=+3.3V Pin=C10-1
Added Pin To Net: NetName=+3.3V Pin=C13-1
Added Pin To Net: NetName=+3.3V Pin=C15-2
Added Pin To Net: NetName=+3.3V Pin=C16-2
Added Pin To Net: NetName=+3.3V Pin=C17-2
Added Pin To Net: NetName=+3.3V Pin=C18-2
Added Pin To Net: NetName=+3.3V Pin=C20-2
Added Pin To Net: NetName=+3.3V Pin=C21-2
Added Pin To Net: NetName=+3.3V Pin=C22-2
Added Pin To Net: NetName=+3.3V Pin=C23-2
Added Pin To Net: NetName=+3.3V Pin=C24-2
Added Pin To Net: NetName=+3.3V Pin=C25-2
Added Pin To Net: NetName=+3.3V Pin=C26-2
Added Pin To Net: NetName=+3.3V Pin=C30-2
Added Pin To Net: NetName=+3.3V Pin=C31-2
Added Pin To Net: NetName=+3.3V Pin=IC1-5
Added Pin To Net: NetName=+3.3V Pin=IC3-5
Added Pin To Net: NetName=+3.3V Pin=IC6-11
Added Pin To Net: NetName=+3.3V Pin=IC6-19
Added Pin To Net: NetName=+3.3V Pin=IC6-22
Added Pin To Net: NetName=+3.3V Pin=IC6-28
Added Pin To Net: NetName=+3.3V Pin=IC6-50
Added Pin To Net: NetName=+3.3V Pin=IC6-75
Added Pin To Net: NetName=+3.3V Pin=IC6-100
Added Pin To Net: NetName=+3.3V Pin=P2-4
Added Pin To Net: NetName=+3.3V Pin=R10-1
Added Pin To Net: NetName=+3.3V Pin=R12-1
Added Pin To Net: NetName=+3.3V Pin=R13-2
Added Pin To Net: NetName=+3.3V Pin=U1-4
Added Pin To Net: NetName=+3.3V Pin=U1-16
Added Pin To Net: NetName=+3.3V Pin=U2-5
Added Pin To Net: NetName=+3.3V Pin=U2-6
Added Pin To Net: NetName=+3.3V Pin=U2-7
Added Net: Name=+3.3V
Added Pin To Net: NetName=+5V Pin=C1-1
Added Pin To Net: NetName=+5V Pin=D1-1
Added Pin To Net: NetName=+5V Pin=D2-1
Added Pin To Net: NetName=+5V Pin=IC2-4
Added Pin To Net: NetName=+5V Pin=IC2-8
Added Pin To Net: NetName=+5V Pin=USB1-1
Added Net: Name=+5V
Added Pin To Net: NetName=BUT Pin=B2-2
Added Pin To Net: NetName=BUT Pin=IC6-58
Added Pin To Net: NetName=BUT Pin=R12-2
Added Net: Name=BUT
Added Pin To Net: NetName=D_N Pin=U1-6
Added Pin To Net: NetName=D_N Pin=USB1-2
Added Net: Name=D_N
Added Pin To Net: NetName=D_P Pin=U1-5
Added Pin To Net: NetName=D_P Pin=USB1-3
Added Net: Name=D_P
Added Pin To Net: NetName=DW_NRST Pin=IC6-51
Added Pin To Net: NetName=DW_NRST Pin=U2-3
Added Net: Name=DW_NRST
Added Pin To Net: NetName=EXTON Pin=IC6-53
Added Pin To Net: NetName=EXTON Pin=U2-1
Added Net: Name=EXTON
Added Pin To Net: NetName=GND Pin=B1-1
Added Pin To Net: NetName=GND Pin=B2-1
Added Pin To Net: NetName=GND Pin=C1-2
Added Pin To Net: NetName=GND Pin=C2-1
Added Pin To Net: NetName=GND Pin=C3-2
Added Pin To Net: NetName=GND Pin=C4-2
Added Pin To Net: NetName=GND Pin=C5-2
Added Pin To Net: NetName=GND Pin=C6-2
Added Pin To Net: NetName=GND Pin=C7-2
Added Pin To Net: NetName=GND Pin=C8-2
Added Pin To Net: NetName=GND Pin=C9-2
Added Pin To Net: NetName=GND Pin=C10-2
Added Pin To Net: NetName=GND Pin=C12-1
Added Pin To Net: NetName=GND Pin=C13-2
Added Pin To Net: NetName=GND Pin=C14-1
Added Pin To Net: NetName=GND Pin=C15-1
Added Pin To Net: NetName=GND Pin=C16-1
Added Pin To Net: NetName=GND Pin=C17-1
Added Pin To Net: NetName=GND Pin=C18-1
Added Pin To Net: NetName=GND Pin=C19-2
Added Pin To Net: NetName=GND Pin=C20-1
Added Pin To Net: NetName=GND Pin=C21-1
Added Pin To Net: NetName=GND Pin=C22-1
Added Pin To Net: NetName=GND Pin=C23-1
Added Pin To Net: NetName=GND Pin=C24-1
Added Pin To Net: NetName=GND Pin=C25-1
Added Pin To Net: NetName=GND Pin=C26-1
Added Pin To Net: NetName=GND Pin=C27-1
Added Pin To Net: NetName=GND Pin=C28-1
Added Pin To Net: NetName=GND Pin=C29-2
Added Pin To Net: NetName=GND Pin=C30-1
Added Pin To Net: NetName=GND Pin=C31-1
Added Pin To Net: NetName=GND Pin=D3-2
Added Pin To Net: NetName=GND Pin=D4-2
Added Pin To Net: NetName=GND Pin=D5-2
Added Pin To Net: NetName=GND Pin=D6-2
Added Pin To Net: NetName=GND Pin=D7-2
Added Pin To Net: NetName=GND Pin=D8-2
Added Pin To Net: NetName=GND Pin=D9-2
Added Pin To Net: NetName=GND Pin=IC1-2
Added Pin To Net: NetName=GND Pin=IC2-1
Added Pin To Net: NetName=GND Pin=IC2-3
Added Pin To Net: NetName=GND Pin=IC3-2
Added Pin To Net: NetName=GND Pin=IC5-6
Added Pin To Net: NetName=GND Pin=IC5-7
Added Pin To Net: NetName=GND Pin=IC6-10
Added Pin To Net: NetName=GND Pin=IC6-20
Added Pin To Net: NetName=GND Pin=IC6-27
Added Pin To Net: NetName=GND Pin=IC6-74
Added Pin To Net: NetName=GND Pin=IC6-99
Added Pin To Net: NetName=GND Pin=P2-3
Added Pin To Net: NetName=GND Pin=R4-1
Added Pin To Net: NetName=GND Pin=R7-2
Added Pin To Net: NetName=GND Pin=R9-2
Added Pin To Net: NetName=GND Pin=R11-1
Added Pin To Net: NetName=GND Pin=SW2-1
Added Pin To Net: NetName=GND Pin=U1-1
Added Pin To Net: NetName=GND Pin=U2-8
Added Pin To Net: NetName=GND Pin=U2-16
Added Pin To Net: NetName=GND Pin=U2-21
Added Pin To Net: NetName=GND Pin=U2-23
Added Pin To Net: NetName=GND Pin=U2-24
Added Pin To Net: NetName=GND Pin=USB1-5
Added Pin To Net: NetName=GND Pin=USB1-5
Added Pin To Net: NetName=GND Pin=USB1-5
Added Pin To Net: NetName=GND Pin=USB1-5
Added Pin To Net: NetName=GND Pin=USB1-5
Added Pin To Net: NetName=GND Pin=USB1-5
Added Pin To Net: NetName=GND Pin=USB1-5
Added Net: Name=GND
Added Pin To Net: NetName=IRQ Pin=IC6-33
Added Pin To Net: NetName=IRQ Pin=U2-22
Added Net: Name=IRQ
Added Pin To Net: NetName=LED1 Pin=IC6-55
Added Pin To Net: NetName=LED1 Pin=R15-2
Added Net: Name=LED1
Added Pin To Net: NetName=LED2 Pin=IC6-56
Added Pin To Net: NetName=LED2 Pin=R14-2
Added Net: Name=LED2
Added Pin To Net: NetName=LED3 Pin=IC6-57
Added Pin To Net: NetName=LED3 Pin=R16-2
Added Net: Name=LED3
Added Pin To Net: NetName=LED_RXOK Pin=R17-2
Added Pin To Net: NetName=LED_RXOK Pin=U2-15
Added Net: Name=LED_RXOK
Added Pin To Net: NetName=LED_RX Pin=R19-2
Added Pin To Net: NetName=LED_RX Pin=U2-13
Added Net: Name=LED_RX
Added Pin To Net: NetName=LED_SFD Pin=R18-2
Added Pin To Net: NetName=LED_SFD Pin=U2-14
Added Net: Name=LED_SFD
Added Pin To Net: NetName=LED_TX Pin=R20-2
Added Pin To Net: NetName=LED_TX Pin=U2-12
Added Net: Name=LED_TX
Added Pin To Net: NetName=NetC11_1 Pin=C11-1
Added Pin To Net: NetName=NetC11_1 Pin=IC4-6
Added Pin To Net: NetName=NetC11_1 Pin=IC5-2
Added Pin To Net: NetName=NetC11_1 Pin=IC5-3
Added Pin To Net: NetName=NetC11_1 Pin=P1-2
Added Pin To Net: NetName=NetC11_1 Pin=SW2-2
Added Net: Name=NetC11_1
Added Pin To Net: NetName=NetC11_2 Pin=C11-2
Added Pin To Net: NetName=NetC11_2 Pin=IC4-5
Added Pin To Net: NetName=NetC11_2 Pin=R6-1
Added Net: Name=NetC11_2
Added Pin To Net: NetName=NetC19_1 Pin=C19-1
Added Pin To Net: NetName=NetC19_1 Pin=IC6-73
Added Net: Name=NetC19_1
Added Pin To Net: NetName=NetC27_2 Pin=C27-2
Added Pin To Net: NetName=NetC27_2 Pin=IC6-12
Added Pin To Net: NetName=NetC27_2 Pin=X1-1
Added Net: Name=NetC27_2
Added Pin To Net: NetName=NetC28_2 Pin=C28-2
Added Pin To Net: NetName=NetC28_2 Pin=IC6-13
Added Pin To Net: NetName=NetC28_2 Pin=X1-2
Added Net: Name=NetC28_2
Added Pin To Net: NetName=NetC29_1 Pin=C29-1
Added Pin To Net: NetName=NetC29_1 Pin=IC6-49
Added Net: Name=NetC29_1
Added Pin To Net: NetName=NetD1_2 Pin=D1-2
Added Pin To Net: NetName=NetD1_2 Pin=R3-2
Added Net: Name=NetD1_2
Added Pin To Net: NetName=NetD2_2 Pin=D2-2
Added Pin To Net: NetName=NetD2_2 Pin=R2-2
Added Net: Name=NetD2_2
Added Pin To Net: NetName=NetD3_1 Pin=D3-1
Added Pin To Net: NetName=NetD3_1 Pin=R14-1
Added Net: Name=NetD3_1
Added Pin To Net: NetName=NetD4_1 Pin=D4-1
Added Pin To Net: NetName=NetD4_1 Pin=R15-1
Added Net: Name=NetD4_1
Added Pin To Net: NetName=NetD5_1 Pin=D5-1
Added Pin To Net: NetName=NetD5_1 Pin=R16-1
Added Net: Name=NetD5_1
Added Pin To Net: NetName=NetD6_1 Pin=D6-1
Added Pin To Net: NetName=NetD6_1 Pin=R17-1
Added Net: Name=NetD6_1
Added Pin To Net: NetName=NetD7_1 Pin=D7-1
Added Pin To Net: NetName=NetD7_1 Pin=R18-1
Added Net: Name=NetD7_1
Added Pin To Net: NetName=NetD8_1 Pin=D8-1
Added Pin To Net: NetName=NetD8_1 Pin=R19-1
Added Net: Name=NetD8_1
Added Pin To Net: NetName=NetD9_1 Pin=D9-1
Added Pin To Net: NetName=NetD9_1 Pin=R20-1
Added Net: Name=NetD9_1
Added Pin To Net: NetName=NetIC1_3 Pin=IC1-3
Added Pin To Net: NetName=NetIC1_3 Pin=R1-1
Added Net: Name=NetIC1_3
Added Pin To Net: NetName=NetIC2_2 Pin=IC2-2
Added Pin To Net: NetName=NetIC2_2 Pin=R4-2
Added Net: Name=NetIC2_2
Added Pin To Net: NetName=NetIC2_6 Pin=IC2-6
Added Pin To Net: NetName=NetIC2_6 Pin=R3-1
Added Net: Name=NetIC2_6
Added Pin To Net: NetName=NetIC2_7 Pin=IC2-7
Added Pin To Net: NetName=NetIC2_7 Pin=R2-1
Added Net: Name=NetIC2_7
Added Pin To Net: NetName=NetIC3_3 Pin=IC3-3
Added Pin To Net: NetName=NetIC3_3 Pin=R5-1
Added Net: Name=NetIC3_3
Added Pin To Net: NetName=NetIC4_1 Pin=IC4-1
Added Pin To Net: NetName=NetIC4_1 Pin=IC5-4
Added Net: Name=NetIC4_1
Added Pin To Net: NetName=NetIC4_2 Pin=IC4-2
Added Pin To Net: NetName=NetIC4_2 Pin=R7-1
Added Net: Name=NetIC4_2
Added Pin To Net: NetName=NetIC4_3 Pin=IC4-3
Added Pin To Net: NetName=NetIC4_3 Pin=IC5-5
Added Net: Name=NetIC4_3
Added Pin To Net: NetName=NetIC5_1 Pin=IC5-1
Added Pin To Net: NetName=NetIC5_1 Pin=IC5-8
Added Net: Name=NetIC5_1
Added Pin To Net: NetName=NetIC6_21 Pin=IC6-21
Added Pin To Net: NetName=NetIC6_21 Pin=R13-1
Added Net: Name=NetIC6_21
Added Pin To Net: NetName=NetIC6_94 Pin=IC6-94
Added Pin To Net: NetName=NetIC6_94 Pin=R11-2
Added Net: Name=NetIC6_94
Added Pin To Net: NetName=NRST Pin=B1-2
Added Pin To Net: NetName=NRST Pin=IC6-14
Added Pin To Net: NetName=NRST Pin=R10-2
Added Net: Name=NRST
Added Pin To Net: NetName=SPI1_CLK Pin=IC6-30
Added Pin To Net: NetName=SPI1_CLK Pin=U2-20
Added Net: Name=SPI1_CLK
Added Pin To Net: NetName=SPI1_CS Pin=IC6-29
Added Pin To Net: NetName=SPI1_CS Pin=U2-17
Added Net: Name=SPI1_CS
Added Pin To Net: NetName=SPI1_MISO Pin=IC6-31
Added Pin To Net: NetName=SPI1_MISO Pin=U2-19
Added Net: Name=SPI1_MISO
Added Pin To Net: NetName=SPI1_MOSI Pin=IC6-32
Added Pin To Net: NetName=SPI1_MOSI Pin=U2-18
Added Net: Name=SPI1_MOSI
Added Pin To Net: NetName=SWCLK Pin=IC6-76
Added Pin To Net: NetName=SWCLK Pin=P2-1
Added Net: Name=SWCLK
Added Pin To Net: NetName=SWDIO Pin=IC6-72
Added Pin To Net: NetName=SWDIO Pin=P2-2
Added Net: Name=SWDIO
Added Pin To Net: NetName=UART1_RXD Pin=IC6-92
Added Pin To Net: NetName=UART1_RXD Pin=U1-3
Added Net: Name=UART1_RXD
Added Pin To Net: NetName=UART1_TXD Pin=IC6-93
Added Pin To Net: NetName=UART1_TXD Pin=U1-2
Added Net: Name=UART1_TXD
Added Pin To Net: NetName=VBAT_ADC Pin=C14-2
Added Pin To Net: NetName=VBAT_ADC Pin=IC6-35
Added Pin To Net: NetName=VBAT_ADC Pin=R8-2
Added Pin To Net: NetName=VBAT_ADC Pin=R9-1
Added Net: Name=VBAT_ADC
Added Pin To Net: NetName=VBAT Pin=C2-2
Added Pin To Net: NetName=VBAT Pin=C12-2
Added Pin To Net: NetName=VBAT Pin=IC2-5
Added Pin To Net: NetName=VBAT Pin=P1-1
Added Pin To Net: NetName=VBAT Pin=R6-2
Added Pin To Net: NetName=VBAT Pin=SW1-2
Added Net: Name=VBAT
Added Pin To Net: NetName=VCC Pin=C3-1
Added Pin To Net: NetName=VCC Pin=C4-1
Added Pin To Net: NetName=VCC Pin=C7-1
Added Pin To Net: NetName=VCC Pin=C8-1
Added Pin To Net: NetName=VCC Pin=IC1-1
Added Pin To Net: NetName=VCC Pin=IC3-1
Added Pin To Net: NetName=VCC Pin=R1-2
Added Pin To Net: NetName=VCC Pin=R5-2
Added Pin To Net: NetName=VCC Pin=R8-1
Added Pin To Net: NetName=VCC Pin=SW1-3
Added Net: Name=VCC
Added Pin To Net: NetName=WAKEUP Pin=IC6-52
Added Pin To Net: NetName=WAKEUP Pin=U2-2
Added Net: Name=WAKEUP
Added Class: Name=U_DW1000
Added Class: Name=U_POWER
Added Class: Name=U_STM32
Added Room: Name=U_DW1000
Added Room: Name=U_POWER
Added Room: Name=U_STM32
