Removed Pin From Net: NetName=VBAT Pin=SW1-1
Removed Pin From Net: NetName=VCC Pin=SW1-2
Removed Member From Class: ClassName=U_POWER Member=C15
Removed Member From Class: ClassName=U_POWER Member=C16
Removed Member From Class: ClassName=U_POWER Member=C29
Removed Member From Class: ClassName=U_POWER Member=C30
Removed Member From Class: ClassName=U_STM32 Member=C30
Removed Member From Class: ClassName=U_STM32 Member=C31
Removed Member From Class: ClassName=U_POWER Member=R10
Added Pin To Net: NetName=VBAT Pin=SW1-2
Added Pin To Net: NetName=VCC Pin=SW1-3
Added Member To Class: ClassName=U_POWER Member=Component C7 100nF
Added Member To Class: ClassName=U_POWER Member=Component C8 10uF
Added Member To Class: ClassName=U_POWER Member=Component C9 100nF
Added Member To Class: ClassName=U_POWER Member=Component C10 10uF
Added Member To Class: ClassName=U_POWER Member=Component C11 100nF
Added Member To Class: ClassName=U_POWER Member=Component C12 100nF
Added Member To Class: ClassName=U_STM32 Member=Component C17 100nF
Added Member To Class: ClassName=U_STM32 Member=Component C18 1uF
Added Member To Class: ClassName=U_STM32 Member=Component C19 2.2uF
Added Member To Class: ClassName=U_STM32 Member=Component C20 100nF
Added Member To Class: ClassName=U_STM32 Member=Component C21 100nF
Added Member To Class: ClassName=U_STM32 Member=Component C22 100nF
Added Member To Class: ClassName=U_STM32 Member=Component C23 100nF
Added Member To Class: ClassName=U_STM32 Member=Component C24 100nF
Added Member To Class: ClassName=U_STM32 Member=Component C25 100nF
Added Member To Class: ClassName=U_STM32 Member=Component C26 4.7uF
Added Member To Class: ClassName=U_STM32 Member=Component C27 22pF
Added Member To Class: ClassName=U_POWER Member=Component IC2 TP4056
Added Member To Class: ClassName=U_POWER Member=Component IC3 RT9013
Added Member To Class: ClassName=U_POWER Member=Component R5 10k
Added Member To Class: ClassName=U_POWER Member=Component R6 10R
Added Member To Class: ClassName=U_POWER Member=Component R8 30k
Added Member To Class: ClassName=U_POWER Member=Component R9 100k
Added Member To Class: ClassName=U_STM32 Member=Component R11 100k
Added Member To Class: ClassName=U_STM32 Member=Component R13 0R
Added Member To Class: ClassName=U_STM32 Member=Component R15 1k
Added Member To Class: ClassName=U_DW1000 Member=Component R17 330R
Added Member To Class: ClassName=U_DW1000 Member=Component R19 330R
